[2019-09-04 10:11:41,268] {taskinstance.py:616} INFO - Dependencies all met for <TaskInstance: weatherDag.show_dir 2018-04-20T00:00:00+00:00 [queued]>
[2019-09-04 10:11:41,272] {taskinstance.py:616} INFO - Dependencies all met for <TaskInstance: weatherDag.show_dir 2018-04-20T00:00:00+00:00 [queued]>
[2019-09-04 10:11:41,273] {taskinstance.py:834} INFO - 
--------------------------------------------------------------------------------
[2019-09-04 10:11:41,273] {taskinstance.py:835} INFO - Starting attempt 1 of 6
[2019-09-04 10:11:41,273] {taskinstance.py:836} INFO - 
--------------------------------------------------------------------------------
[2019-09-04 10:11:41,280] {taskinstance.py:855} INFO - Executing <Task(BashOperator): show_dir> on 2018-04-20T00:00:00+00:00
[2019-09-04 10:11:41,280] {base_task_runner.py:133} INFO - Running: ['airflow', 'run', 'weatherDag', 'show_dir', '2018-04-20T00:00:00+00:00', '--job_id', '830', '--pool', 'default_pool', '--raw', '-sd', 'DAGS_FOLDER/weatherDag.py', '--cfg_path', '/var/folders/38/5yrmm9ln7vg1pd648xcyqqw00000gp/T/tmptrt0hsfh']
[2019-09-04 10:11:41,814] {base_task_runner.py:115} INFO - Job 830: Subtask show_dir /Users/neeraj/Projects/Webapps/Document-Analyzer/sample-apps/python-venv/lib/python3.7/site-packages/airflow/configuration.py:614: DeprecationWarning: You have two airflow.cfg files: /Users/neeraj/airflow/airflow.cfg and /Users/neeraj/Projects/Webapps/document-analyzer/sample-apps/python-airflow-etl/AirflowDataPipeline/airflow.cfg. Airflow used to look at ~/airflow/airflow.cfg, even when AIRFLOW_HOME was set to a different value. Airflow will now only read /Users/neeraj/Projects/Webapps/document-analyzer/sample-apps/python-airflow-etl/AirflowDataPipeline/airflow.cfg, and you should remove the other file
[2019-09-04 10:11:41,814] {base_task_runner.py:115} INFO - Job 830: Subtask show_dir   category=DeprecationWarning,
[2019-09-04 10:11:42,063] {base_task_runner.py:115} INFO - Job 830: Subtask show_dir [2019-09-04 10:11:42,063] {__init__.py:51} INFO - Using executor SequentialExecutor
[2019-09-04 10:11:42,474] {base_task_runner.py:115} INFO - Job 830: Subtask show_dir [2019-09-04 10:11:42,474] {dagbag.py:90} INFO - Filling up the DagBag from /Users/neeraj/Projects/Webapps/document-analyzer/sample-apps/python-airflow-etl/AirflowDataPipeline/dags/weatherDag.py
[2019-09-04 10:11:42,479] {base_task_runner.py:115} INFO - Job 830: Subtask show_dir /Users/neeraj/Projects/Webapps/Document-Analyzer/sample-apps/python-venv/lib/python3.7/site-packages/airflow/utils/helpers.py:425: DeprecationWarning: Importing 'PythonOperator' directly from 'airflow.operators' has been deprecated. Please import from 'airflow.operators.[operator_module]' instead. Support for direct imports will be dropped entirely in Airflow 2.0.
[2019-09-04 10:11:42,479] {base_task_runner.py:115} INFO - Job 830: Subtask show_dir   DeprecationWarning)
[2019-09-04 10:11:42,494] {base_task_runner.py:115} INFO - Job 830: Subtask show_dir /Users/neeraj/Projects/Webapps/Document-Analyzer/sample-apps/python-venv/lib/python3.7/site-packages/airflow/utils/helpers.py:425: DeprecationWarning: Importing 'PostgresHook' directly from 'airflow.hooks' has been deprecated. Please import from 'airflow.hooks.[operator_module]' instead. Support for direct imports will be dropped entirely in Airflow 2.0.
[2019-09-04 10:11:42,494] {base_task_runner.py:115} INFO - Job 830: Subtask show_dir   DeprecationWarning)
[2019-09-04 10:11:42,512] {base_task_runner.py:115} INFO - Job 830: Subtask show_dir [2019-09-04 10:11:42,511] {cli.py:516} INFO - Running <TaskInstance: weatherDag.show_dir 2018-04-20T00:00:00+00:00 [running]> on host APPLEs-MacBook-Pro-5.local
[2019-09-04 10:11:42,524] {bash_operator.py:81} INFO - Tmp dir root location: 
 /var/folders/38/5yrmm9ln7vg1pd648xcyqqw00000gp/T
[2019-09-04 10:11:42,524] {bash_operator.py:91} INFO - Exporting the following env vars:
AIRFLOW_CTX_DAG_ID=weatherDag
AIRFLOW_CTX_TASK_ID=show_dir
AIRFLOW_CTX_EXECUTION_DATE=2018-04-20T00:00:00+00:00
AIRFLOW_CTX_DAG_RUN_ID=scheduled__2018-04-20T00:00:00+00:00
[2019-09-04 10:11:42,525] {bash_operator.py:105} INFO - Temporary script location: /var/folders/38/5yrmm9ln7vg1pd648xcyqqw00000gp/T/airflowtmpyu1onxr6/show_dirssy1d70d
[2019-09-04 10:11:42,525] {bash_operator.py:115} INFO - Running command: ls -l $AIRFLOW_HOME/dags/src/getWeather.py
[2019-09-04 10:11:42,532] {bash_operator.py:124} INFO - Output:
[2019-09-04 10:11:42,541] {bash_operator.py:128} INFO - -rw-r--r--  1 neeraj  staff  1075 Sep  3 22:48 /Users/neeraj/Projects/Webapps/document-analyzer/sample-apps/python-airflow-etl/AirflowDataPipeline/dags/src/getWeather.py
[2019-09-04 10:11:42,542] {bash_operator.py:132} INFO - Command exited with return code 0
[2019-09-04 10:11:46,267] {logging_mixin.py:95} INFO - [[34m2019-09-04 10:11:46,266[0m] {[34mlocal_task_job.py:[0m105} INFO[0m - Task exited with return code 0[0m
