[2019-09-03 20:47:26,664] {scheduler_job.py:146} INFO - Started process (PID=46180) to work on /Users/neeraj/Projects/Webapps/document-analyzer/sample-apps/python-airflow-etl/dags/my_simple_dag.py
[2019-09-03 20:47:26,673] {scheduler_job.py:1493} INFO - Processing file /Users/neeraj/Projects/Webapps/document-analyzer/sample-apps/python-airflow-etl/dags/my_simple_dag.py for tasks to queue
[2019-09-03 20:47:26,674] {logging_mixin.py:95} INFO - [2019-09-03 20:47:26,674] {dagbag.py:90} INFO - Filling up the DagBag from /Users/neeraj/Projects/Webapps/document-analyzer/sample-apps/python-airflow-etl/dags/my_simple_dag.py
[2019-09-03 20:47:26,688] {scheduler_job.py:1505} INFO - DAG(s) dict_keys(['my_simple_dag']) retrieved from /Users/neeraj/Projects/Webapps/document-analyzer/sample-apps/python-airflow-etl/dags/my_simple_dag.py
[2019-09-03 20:47:26,703] {logging_mixin.py:95} INFO - [2019-09-03 20:47:26,703] {dag.py:1303} INFO - Creating ORM DAG for my_simple_dag
[2019-09-03 20:47:26,721] {scheduler_job.py:152} INFO - Processing /Users/neeraj/Projects/Webapps/document-analyzer/sample-apps/python-airflow-etl/dags/my_simple_dag.py took 0.057 seconds
[2019-09-03 20:48:08,804] {scheduler_job.py:146} INFO - Started process (PID=46206) to work on /Users/neeraj/Projects/Webapps/document-analyzer/sample-apps/python-airflow-etl/dags/my_simple_dag.py
[2019-09-03 20:48:08,814] {scheduler_job.py:1493} INFO - Processing file /Users/neeraj/Projects/Webapps/document-analyzer/sample-apps/python-airflow-etl/dags/my_simple_dag.py for tasks to queue
[2019-09-03 20:48:08,815] {logging_mixin.py:95} INFO - [2019-09-03 20:48:08,815] {dagbag.py:90} INFO - Filling up the DagBag from /Users/neeraj/Projects/Webapps/document-analyzer/sample-apps/python-airflow-etl/dags/my_simple_dag.py
[2019-09-03 20:48:08,829] {scheduler_job.py:1505} INFO - DAG(s) dict_keys(['my_simple_dag']) retrieved from /Users/neeraj/Projects/Webapps/document-analyzer/sample-apps/python-airflow-etl/dags/my_simple_dag.py
[2019-09-03 20:48:08,862] {scheduler_job.py:152} INFO - Processing /Users/neeraj/Projects/Webapps/document-analyzer/sample-apps/python-airflow-etl/dags/my_simple_dag.py took 0.058 seconds
[2019-09-03 20:48:50,953] {scheduler_job.py:146} INFO - Started process (PID=46229) to work on /Users/neeraj/Projects/Webapps/document-analyzer/sample-apps/python-airflow-etl/dags/my_simple_dag.py
[2019-09-03 20:48:50,962] {scheduler_job.py:1493} INFO - Processing file /Users/neeraj/Projects/Webapps/document-analyzer/sample-apps/python-airflow-etl/dags/my_simple_dag.py for tasks to queue
[2019-09-03 20:48:50,963] {logging_mixin.py:95} INFO - [2019-09-03 20:48:50,962] {dagbag.py:90} INFO - Filling up the DagBag from /Users/neeraj/Projects/Webapps/document-analyzer/sample-apps/python-airflow-etl/dags/my_simple_dag.py
[2019-09-03 20:48:50,976] {scheduler_job.py:1505} INFO - DAG(s) dict_keys(['my_simple_dag']) retrieved from /Users/neeraj/Projects/Webapps/document-analyzer/sample-apps/python-airflow-etl/dags/my_simple_dag.py
[2019-09-03 20:48:51,008] {scheduler_job.py:152} INFO - Processing /Users/neeraj/Projects/Webapps/document-analyzer/sample-apps/python-airflow-etl/dags/my_simple_dag.py took 0.055 seconds
[2019-09-03 20:49:33,090] {scheduler_job.py:146} INFO - Started process (PID=46254) to work on /Users/neeraj/Projects/Webapps/document-analyzer/sample-apps/python-airflow-etl/dags/my_simple_dag.py
[2019-09-03 20:49:33,098] {scheduler_job.py:1493} INFO - Processing file /Users/neeraj/Projects/Webapps/document-analyzer/sample-apps/python-airflow-etl/dags/my_simple_dag.py for tasks to queue
[2019-09-03 20:49:33,099] {logging_mixin.py:95} INFO - [2019-09-03 20:49:33,099] {dagbag.py:90} INFO - Filling up the DagBag from /Users/neeraj/Projects/Webapps/document-analyzer/sample-apps/python-airflow-etl/dags/my_simple_dag.py
[2019-09-03 20:49:33,112] {scheduler_job.py:1505} INFO - DAG(s) dict_keys(['my_simple_dag']) retrieved from /Users/neeraj/Projects/Webapps/document-analyzer/sample-apps/python-airflow-etl/dags/my_simple_dag.py
[2019-09-03 20:49:33,142] {scheduler_job.py:152} INFO - Processing /Users/neeraj/Projects/Webapps/document-analyzer/sample-apps/python-airflow-etl/dags/my_simple_dag.py took 0.052 seconds
[2019-09-03 20:50:15,215] {scheduler_job.py:146} INFO - Started process (PID=46279) to work on /Users/neeraj/Projects/Webapps/document-analyzer/sample-apps/python-airflow-etl/dags/my_simple_dag.py
[2019-09-03 20:50:15,223] {scheduler_job.py:1493} INFO - Processing file /Users/neeraj/Projects/Webapps/document-analyzer/sample-apps/python-airflow-etl/dags/my_simple_dag.py for tasks to queue
[2019-09-03 20:50:15,224] {logging_mixin.py:95} INFO - [2019-09-03 20:50:15,224] {dagbag.py:90} INFO - Filling up the DagBag from /Users/neeraj/Projects/Webapps/document-analyzer/sample-apps/python-airflow-etl/dags/my_simple_dag.py
[2019-09-03 20:50:15,236] {scheduler_job.py:1505} INFO - DAG(s) dict_keys(['my_simple_dag']) retrieved from /Users/neeraj/Projects/Webapps/document-analyzer/sample-apps/python-airflow-etl/dags/my_simple_dag.py
[2019-09-03 20:50:15,265] {scheduler_job.py:152} INFO - Processing /Users/neeraj/Projects/Webapps/document-analyzer/sample-apps/python-airflow-etl/dags/my_simple_dag.py took 0.050 seconds
[2019-09-03 20:50:57,348] {scheduler_job.py:146} INFO - Started process (PID=46303) to work on /Users/neeraj/Projects/Webapps/document-analyzer/sample-apps/python-airflow-etl/dags/my_simple_dag.py
[2019-09-03 20:50:57,357] {scheduler_job.py:1493} INFO - Processing file /Users/neeraj/Projects/Webapps/document-analyzer/sample-apps/python-airflow-etl/dags/my_simple_dag.py for tasks to queue
[2019-09-03 20:50:57,357] {logging_mixin.py:95} INFO - [2019-09-03 20:50:57,357] {dagbag.py:90} INFO - Filling up the DagBag from /Users/neeraj/Projects/Webapps/document-analyzer/sample-apps/python-airflow-etl/dags/my_simple_dag.py
[2019-09-03 20:50:57,369] {scheduler_job.py:1505} INFO - DAG(s) dict_keys(['my_simple_dag']) retrieved from /Users/neeraj/Projects/Webapps/document-analyzer/sample-apps/python-airflow-etl/dags/my_simple_dag.py
[2019-09-03 20:50:57,396] {scheduler_job.py:152} INFO - Processing /Users/neeraj/Projects/Webapps/document-analyzer/sample-apps/python-airflow-etl/dags/my_simple_dag.py took 0.047 seconds
[2019-09-03 20:51:39,487] {scheduler_job.py:146} INFO - Started process (PID=46346) to work on /Users/neeraj/Projects/Webapps/document-analyzer/sample-apps/python-airflow-etl/dags/my_simple_dag.py
[2019-09-03 20:51:39,497] {scheduler_job.py:1493} INFO - Processing file /Users/neeraj/Projects/Webapps/document-analyzer/sample-apps/python-airflow-etl/dags/my_simple_dag.py for tasks to queue
[2019-09-03 20:51:39,498] {logging_mixin.py:95} INFO - [2019-09-03 20:51:39,498] {dagbag.py:90} INFO - Filling up the DagBag from /Users/neeraj/Projects/Webapps/document-analyzer/sample-apps/python-airflow-etl/dags/my_simple_dag.py
[2019-09-03 20:51:39,511] {scheduler_job.py:1505} INFO - DAG(s) dict_keys(['my_simple_dag']) retrieved from /Users/neeraj/Projects/Webapps/document-analyzer/sample-apps/python-airflow-etl/dags/my_simple_dag.py
[2019-09-03 20:51:39,541] {scheduler_job.py:152} INFO - Processing /Users/neeraj/Projects/Webapps/document-analyzer/sample-apps/python-airflow-etl/dags/my_simple_dag.py took 0.054 seconds
