[2019-09-04 14:25:59,179] {dag_processing.py:804} INFO - Processing files using up to 1 processes at a time 
[2019-09-04 14:25:59,180] {dag_processing.py:805} INFO - Process each file at most once every 0 seconds
[2019-09-04 14:25:59,180] {dag_processing.py:807} INFO - Checking for new files in /Users/neeraj/Projects/Webapps/document-analyzer/sample-apps/python-airflow-etl/AirflowDataPipeline/dags every 300 seconds
[2019-09-04 14:25:59,293] {dag_processing.py:1004} INFO - 
================================================================================
DAG File Processing Stats

File Path                                                                                                                                                             PID    Runtime    Last Runtime    Last Run
--------------------------------------------------------------------------------------------------------------------------------------------------------------------  -----  ---------  --------------  -------------------
/Users/neeraj/Projects/Webapps/Document-Analyzer/sample-apps/python-venv/lib/python3.7/site-packages/airflow/example_dags/example_latest_only.py
/Users/neeraj/Projects/Webapps/Document-Analyzer/sample-apps/python-venv/lib/python3.7/site-packages/airflow/example_dags/example_python_operator.py
/Users/neeraj/Projects/Webapps/Document-Analyzer/sample-apps/python-venv/lib/python3.7/site-packages/airflow/example_dags/test_utils.py
/Users/neeraj/Projects/Webapps/Document-Analyzer/sample-apps/python-venv/lib/python3.7/site-packages/airflow/example_dags/example_bash_operator.py
/Users/neeraj/Projects/Webapps/Document-Analyzer/sample-apps/python-venv/lib/python3.7/site-packages/airflow/example_dags/example_short_circuit_operator.py
/Users/neeraj/Projects/Webapps/Document-Analyzer/sample-apps/python-venv/lib/python3.7/site-packages/airflow/example_dags/example_branch_operator.py
/Users/neeraj/Projects/Webapps/Document-Analyzer/sample-apps/python-venv/lib/python3.7/site-packages/airflow/example_dags/tutorial.py
/Users/neeraj/Projects/Webapps/Document-Analyzer/sample-apps/python-venv/lib/python3.7/site-packages/airflow/example_dags/docker_copy_data.py
/Users/neeraj/Projects/Webapps/Document-Analyzer/sample-apps/python-venv/lib/python3.7/site-packages/airflow/example_dags/example_pig_operator.py
/Users/neeraj/Projects/Webapps/Document-Analyzer/sample-apps/python-venv/lib/python3.7/site-packages/airflow/example_dags/example_passing_params_via_test_command.py
/Users/neeraj/Projects/Webapps/Document-Analyzer/sample-apps/python-venv/lib/python3.7/site-packages/airflow/example_dags/example_latest_only_with_trigger.py
/Users/neeraj/Projects/Webapps/Document-Analyzer/sample-apps/python-venv/lib/python3.7/site-packages/airflow/example_dags/example_xcom.py
/Users/neeraj/Projects/Webapps/Document-Analyzer/sample-apps/python-venv/lib/python3.7/site-packages/airflow/example_dags/example_http_operator.py
/Users/neeraj/Projects/Webapps/Document-Analyzer/sample-apps/python-venv/lib/python3.7/site-packages/airflow/example_dags/example_skip_dag.py
/Users/neeraj/Projects/Webapps/Document-Analyzer/sample-apps/python-venv/lib/python3.7/site-packages/airflow/example_dags/example_trigger_target_dag.py
/Users/neeraj/Projects/Webapps/Document-Analyzer/sample-apps/python-venv/lib/python3.7/site-packages/airflow/example_dags/example_branch_python_dop_operator_3.py
/Users/neeraj/Projects/Webapps/Document-Analyzer/sample-apps/python-venv/lib/python3.7/site-packages/airflow/example_dags/example_subdag_operator.py
/Users/neeraj/Projects/Webapps/Document-Analyzer/sample-apps/python-venv/lib/python3.7/site-packages/airflow/example_dags/example_trigger_controller_dag.py
/Users/neeraj/Projects/Webapps/Document-Analyzer/sample-apps/python-venv/lib/python3.7/site-packages/airflow/example_dags/subdags/subdag.py
/Users/neeraj/Projects/Webapps/Document-Analyzer/sample-apps/python-venv/lib/python3.7/site-packages/airflow/example_dags/example_docker_operator.py                                    0.11s           2019-09-04T08:55:59
================================================================================
[2019-09-04 14:26:29,345] {dag_processing.py:1004} INFO - 
================================================================================
DAG File Processing Stats

File Path                                                                                                                                                             PID    Runtime    Last Runtime    Last Run
--------------------------------------------------------------------------------------------------------------------------------------------------------------------  -----  ---------  --------------  -------------------
/Users/neeraj/Projects/Webapps/Document-Analyzer/sample-apps/python-venv/lib/python3.7/site-packages/airflow/example_dags/example_bash_operator.py
/Users/neeraj/Projects/Webapps/Document-Analyzer/sample-apps/python-venv/lib/python3.7/site-packages/airflow/example_dags/docker_copy_data.py
/Users/neeraj/Projects/Webapps/Document-Analyzer/sample-apps/python-venv/lib/python3.7/site-packages/airflow/example_dags/example_trigger_target_dag.py
/Users/neeraj/Projects/Webapps/Document-Analyzer/sample-apps/python-venv/lib/python3.7/site-packages/airflow/example_dags/example_trigger_controller_dag.py
/Users/neeraj/Projects/Webapps/Document-Analyzer/sample-apps/python-venv/lib/python3.7/site-packages/airflow/example_dags/example_http_operator.py                                      0.10s           2019-09-04T08:56:23
/Users/neeraj/Projects/Webapps/Document-Analyzer/sample-apps/python-venv/lib/python3.7/site-packages/airflow/example_dags/subdags/subdag.py                                             0.10s           2019-09-04T08:56:19
/Users/neeraj/Projects/Webapps/Document-Analyzer/sample-apps/python-venv/lib/python3.7/site-packages/airflow/example_dags/example_passing_params_via_test_command.py                    0.10s           2019-09-04T08:56:29
/Users/neeraj/Projects/Webapps/Document-Analyzer/sample-apps/python-venv/lib/python3.7/site-packages/airflow/example_dags/example_branch_python_dop_operator_3.py                       0.10s           2019-09-04T08:56:21
/Users/neeraj/Projects/Webapps/Document-Analyzer/sample-apps/python-venv/lib/python3.7/site-packages/airflow/example_dags/example_xcom.py                                               0.10s           2019-09-04T08:56:09
/Users/neeraj/Projects/Webapps/Document-Analyzer/sample-apps/python-venv/lib/python3.7/site-packages/airflow/example_dags/example_latest_only_with_trigger.py                           0.10s           2019-09-04T08:56:07
/Users/neeraj/Projects/Webapps/Document-Analyzer/sample-apps/python-venv/lib/python3.7/site-packages/airflow/example_dags/example_subdag_operator.py                                    0.10s           2019-09-04T08:56:25
/Users/neeraj/Projects/Webapps/Document-Analyzer/sample-apps/python-venv/lib/python3.7/site-packages/airflow/example_dags/tutorial.py                                                   0.10s           2019-09-04T08:56:15
/Users/neeraj/Projects/Webapps/Document-Analyzer/sample-apps/python-venv/lib/python3.7/site-packages/airflow/example_dags/example_pig_operator.py                                       0.10s           2019-09-04T08:56:01
/Users/neeraj/Projects/Webapps/Document-Analyzer/sample-apps/python-venv/lib/python3.7/site-packages/airflow/example_dags/example_latest_only.py                                        0.10s           2019-09-04T08:56:05
/Users/neeraj/Projects/Webapps/Document-Analyzer/sample-apps/python-venv/lib/python3.7/site-packages/airflow/example_dags/example_skip_dag.py                                           0.10s           2019-09-04T08:56:13
/Users/neeraj/Projects/Webapps/Document-Analyzer/sample-apps/python-venv/lib/python3.7/site-packages/airflow/example_dags/example_python_operator.py                                    0.10s           2019-09-04T08:56:03
/Users/neeraj/Projects/Webapps/Document-Analyzer/sample-apps/python-venv/lib/python3.7/site-packages/airflow/example_dags/example_branch_operator.py                                    0.11s           2019-09-04T08:56:17
/Users/neeraj/Projects/Webapps/Document-Analyzer/sample-apps/python-venv/lib/python3.7/site-packages/airflow/example_dags/example_short_circuit_operator.py                             0.11s           2019-09-04T08:56:11
/Users/neeraj/Projects/Webapps/Document-Analyzer/sample-apps/python-venv/lib/python3.7/site-packages/airflow/example_dags/test_utils.py                                                 0.11s           2019-09-04T08:56:27
/Users/neeraj/Projects/Webapps/Document-Analyzer/sample-apps/python-venv/lib/python3.7/site-packages/airflow/example_dags/example_docker_operator.py                                    0.11s           2019-09-04T08:55:59
================================================================================
[2019-09-04 14:26:59,453] {dag_processing.py:1004} INFO - 
================================================================================
DAG File Processing Stats

File Path                                                                                                                                                             PID    Runtime    Last Runtime    Last Run
--------------------------------------------------------------------------------------------------------------------------------------------------------------------  -----  ---------  --------------  -------------------
/Users/neeraj/Projects/Webapps/Document-Analyzer/sample-apps/python-venv/lib/python3.7/site-packages/airflow/example_dags/example_http_operator.py                                      0.10s           2019-09-04T08:56:23
/Users/neeraj/Projects/Webapps/Document-Analyzer/sample-apps/python-venv/lib/python3.7/site-packages/airflow/example_dags/example_passing_params_via_test_command.py                    0.10s           2019-09-04T08:56:29
/Users/neeraj/Projects/Webapps/Document-Analyzer/sample-apps/python-venv/lib/python3.7/site-packages/airflow/example_dags/example_branch_python_dop_operator_3.py                       0.10s           2019-09-04T08:56:21
/Users/neeraj/Projects/Webapps/Document-Analyzer/sample-apps/python-venv/lib/python3.7/site-packages/airflow/example_dags/example_trigger_controller_dag.py                             0.10s           2019-09-04T08:56:31
/Users/neeraj/Projects/Webapps/Document-Analyzer/sample-apps/python-venv/lib/python3.7/site-packages/airflow/example_dags/example_trigger_target_dag.py                                 0.10s           2019-09-04T08:56:33
/Users/neeraj/Projects/Webapps/Document-Analyzer/sample-apps/python-venv/lib/python3.7/site-packages/airflow/example_dags/example_pig_operator.py                                       0.10s           2019-09-04T08:56:41
/Users/neeraj/Projects/Webapps/Document-Analyzer/sample-apps/python-venv/lib/python3.7/site-packages/airflow/example_dags/example_subdag_operator.py                                    0.10s           2019-09-04T08:56:25
/Users/neeraj/Projects/Webapps/Document-Analyzer/sample-apps/python-venv/lib/python3.7/site-packages/airflow/example_dags/subdags/subdag.py                                             0.10s           2019-09-04T08:56:59
/Users/neeraj/Projects/Webapps/Document-Analyzer/sample-apps/python-venv/lib/python3.7/site-packages/airflow/example_dags/docker_copy_data.py                                           0.10s           2019-09-04T08:56:35
/Users/neeraj/Projects/Webapps/Document-Analyzer/sample-apps/python-venv/lib/python3.7/site-packages/airflow/example_dags/example_skip_dag.py                                           0.10s           2019-09-04T08:56:53
/Users/neeraj/Projects/Webapps/Document-Analyzer/sample-apps/python-venv/lib/python3.7/site-packages/airflow/example_dags/example_docker_operator.py                                    0.10s           2019-09-04T08:56:39
/Users/neeraj/Projects/Webapps/Document-Analyzer/sample-apps/python-venv/lib/python3.7/site-packages/airflow/example_dags/example_short_circuit_operator.py                             0.10s           2019-09-04T08:56:51
/Users/neeraj/Projects/Webapps/Document-Analyzer/sample-apps/python-venv/lib/python3.7/site-packages/airflow/example_dags/example_bash_operator.py                                      0.10s           2019-09-04T08:56:37
/Users/neeraj/Projects/Webapps/Document-Analyzer/sample-apps/python-venv/lib/python3.7/site-packages/airflow/example_dags/example_latest_only_with_trigger.py                           0.10s           2019-09-04T08:56:47
/Users/neeraj/Projects/Webapps/Document-Analyzer/sample-apps/python-venv/lib/python3.7/site-packages/airflow/example_dags/example_python_operator.py                                    0.11s           2019-09-04T08:56:43
/Users/neeraj/Projects/Webapps/Document-Analyzer/sample-apps/python-venv/lib/python3.7/site-packages/airflow/example_dags/example_branch_operator.py                                    0.11s           2019-09-04T08:56:57
/Users/neeraj/Projects/Webapps/Document-Analyzer/sample-apps/python-venv/lib/python3.7/site-packages/airflow/example_dags/tutorial.py                                                   0.11s           2019-09-04T08:56:55
/Users/neeraj/Projects/Webapps/Document-Analyzer/sample-apps/python-venv/lib/python3.7/site-packages/airflow/example_dags/example_xcom.py                                               0.11s           2019-09-04T08:56:49
/Users/neeraj/Projects/Webapps/Document-Analyzer/sample-apps/python-venv/lib/python3.7/site-packages/airflow/example_dags/example_latest_only.py                                        0.11s           2019-09-04T08:56:45
/Users/neeraj/Projects/Webapps/Document-Analyzer/sample-apps/python-venv/lib/python3.7/site-packages/airflow/example_dags/test_utils.py                                                 0.11s           2019-09-04T08:56:27
================================================================================
[2019-09-04 14:27:29,547] {dag_processing.py:1004} INFO - 
================================================================================
DAG File Processing Stats

File Path                                                                                                                                                             PID    Runtime    Last Runtime    Last Run
--------------------------------------------------------------------------------------------------------------------------------------------------------------------  -----  ---------  --------------  -------------------
/Users/neeraj/Projects/Webapps/Document-Analyzer/sample-apps/python-venv/lib/python3.7/site-packages/airflow/example_dags/example_pig_operator.py                                       0.10s           2019-09-04T08:57:21
/Users/neeraj/Projects/Webapps/Document-Analyzer/sample-apps/python-venv/lib/python3.7/site-packages/airflow/example_dags/example_latest_only_with_trigger.py                           0.10s           2019-09-04T08:57:27
/Users/neeraj/Projects/Webapps/Document-Analyzer/sample-apps/python-venv/lib/python3.7/site-packages/airflow/example_dags/example_python_operator.py                                    0.10s           2019-09-04T08:57:23
/Users/neeraj/Projects/Webapps/Document-Analyzer/sample-apps/python-venv/lib/python3.7/site-packages/airflow/example_dags/subdags/subdag.py                                             0.10s           2019-09-04T08:56:59
/Users/neeraj/Projects/Webapps/Document-Analyzer/sample-apps/python-venv/lib/python3.7/site-packages/airflow/example_dags/example_trigger_controller_dag.py                             0.10s           2019-09-04T08:57:11
/Users/neeraj/Projects/Webapps/Document-Analyzer/sample-apps/python-venv/lib/python3.7/site-packages/airflow/example_dags/example_skip_dag.py                                           0.10s           2019-09-04T08:56:53
/Users/neeraj/Projects/Webapps/Document-Analyzer/sample-apps/python-venv/lib/python3.7/site-packages/airflow/example_dags/example_http_operator.py                                      0.10s           2019-09-04T08:57:03
/Users/neeraj/Projects/Webapps/Document-Analyzer/sample-apps/python-venv/lib/python3.7/site-packages/airflow/example_dags/example_short_circuit_operator.py                             0.10s           2019-09-04T08:56:51
/Users/neeraj/Projects/Webapps/Document-Analyzer/sample-apps/python-venv/lib/python3.7/site-packages/airflow/example_dags/test_utils.py                                                 0.10s           2019-09-04T08:57:07
/Users/neeraj/Projects/Webapps/Document-Analyzer/sample-apps/python-venv/lib/python3.7/site-packages/airflow/example_dags/example_xcom.py                                               0.10s           2019-09-04T08:57:29
/Users/neeraj/Projects/Webapps/Document-Analyzer/sample-apps/python-venv/lib/python3.7/site-packages/airflow/example_dags/docker_copy_data.py                                           0.10s           2019-09-04T08:57:15
/Users/neeraj/Projects/Webapps/Document-Analyzer/sample-apps/python-venv/lib/python3.7/site-packages/airflow/example_dags/example_latest_only.py                                        0.10s           2019-09-04T08:57:25
/Users/neeraj/Projects/Webapps/Document-Analyzer/sample-apps/python-venv/lib/python3.7/site-packages/airflow/example_dags/example_docker_operator.py                                    0.10s           2019-09-04T08:57:19
/Users/neeraj/Projects/Webapps/Document-Analyzer/sample-apps/python-venv/lib/python3.7/site-packages/airflow/example_dags/example_passing_params_via_test_command.py                    0.10s           2019-09-04T08:57:09
/Users/neeraj/Projects/Webapps/Document-Analyzer/sample-apps/python-venv/lib/python3.7/site-packages/airflow/example_dags/example_branch_python_dop_operator_3.py                       0.10s           2019-09-04T08:57:01
/Users/neeraj/Projects/Webapps/Document-Analyzer/sample-apps/python-venv/lib/python3.7/site-packages/airflow/example_dags/example_trigger_target_dag.py                                 0.10s           2019-09-04T08:57:13
/Users/neeraj/Projects/Webapps/Document-Analyzer/sample-apps/python-venv/lib/python3.7/site-packages/airflow/example_dags/example_bash_operator.py                                      0.10s           2019-09-04T08:57:17
/Users/neeraj/Projects/Webapps/Document-Analyzer/sample-apps/python-venv/lib/python3.7/site-packages/airflow/example_dags/example_branch_operator.py                                    0.11s           2019-09-04T08:56:57
/Users/neeraj/Projects/Webapps/Document-Analyzer/sample-apps/python-venv/lib/python3.7/site-packages/airflow/example_dags/tutorial.py                                                   0.11s           2019-09-04T08:56:55
/Users/neeraj/Projects/Webapps/Document-Analyzer/sample-apps/python-venv/lib/python3.7/site-packages/airflow/example_dags/example_subdag_operator.py                                    0.11s           2019-09-04T08:57:05
================================================================================
[2019-09-04 14:27:59,638] {dag_processing.py:1004} INFO - 
================================================================================
DAG File Processing Stats

File Path                                                                                                                                                             PID    Runtime    Last Runtime    Last Run
--------------------------------------------------------------------------------------------------------------------------------------------------------------------  -----  ---------  --------------  -------------------
/Users/neeraj/Projects/Webapps/Document-Analyzer/sample-apps/python-venv/lib/python3.7/site-packages/airflow/example_dags/example_pig_operator.py                                       0.10s           2019-09-04T08:57:21
/Users/neeraj/Projects/Webapps/Document-Analyzer/sample-apps/python-venv/lib/python3.7/site-packages/airflow/example_dags/example_latest_only_with_trigger.py                           0.10s           2019-09-04T08:57:27
/Users/neeraj/Projects/Webapps/Document-Analyzer/sample-apps/python-venv/lib/python3.7/site-packages/airflow/example_dags/example_branch_operator.py                                    0.10s           2019-09-04T08:57:37
/Users/neeraj/Projects/Webapps/Document-Analyzer/sample-apps/python-venv/lib/python3.7/site-packages/airflow/example_dags/example_python_operator.py                                    0.10s           2019-09-04T08:57:23
/Users/neeraj/Projects/Webapps/Document-Analyzer/sample-apps/python-venv/lib/python3.7/site-packages/airflow/example_dags/test_utils.py                                                 0.10s           2019-09-04T08:57:47
/Users/neeraj/Projects/Webapps/Document-Analyzer/sample-apps/python-venv/lib/python3.7/site-packages/airflow/example_dags/example_short_circuit_operator.py                             0.10s           2019-09-04T08:57:31
/Users/neeraj/Projects/Webapps/Document-Analyzer/sample-apps/python-venv/lib/python3.7/site-packages/airflow/example_dags/example_subdag_operator.py                                    0.10s           2019-09-04T08:57:45
/Users/neeraj/Projects/Webapps/Document-Analyzer/sample-apps/python-venv/lib/python3.7/site-packages/airflow/example_dags/example_trigger_controller_dag.py                             0.10s           2019-09-04T08:57:51
/Users/neeraj/Projects/Webapps/Document-Analyzer/sample-apps/python-venv/lib/python3.7/site-packages/airflow/example_dags/docker_copy_data.py                                           0.10s           2019-09-04T08:57:55
/Users/neeraj/Projects/Webapps/Document-Analyzer/sample-apps/python-venv/lib/python3.7/site-packages/airflow/example_dags/example_xcom.py                                               0.10s           2019-09-04T08:57:29
/Users/neeraj/Projects/Webapps/Document-Analyzer/sample-apps/python-venv/lib/python3.7/site-packages/airflow/example_dags/example_latest_only.py                                        0.10s           2019-09-04T08:57:25
/Users/neeraj/Projects/Webapps/Document-Analyzer/sample-apps/python-venv/lib/python3.7/site-packages/airflow/example_dags/example_skip_dag.py                                           0.10s           2019-09-04T08:57:33
/Users/neeraj/Projects/Webapps/Document-Analyzer/sample-apps/python-venv/lib/python3.7/site-packages/airflow/example_dags/tutorial.py                                                   0.10s           2019-09-04T08:57:35
/Users/neeraj/Projects/Webapps/Document-Analyzer/sample-apps/python-venv/lib/python3.7/site-packages/airflow/example_dags/example_trigger_target_dag.py                                 0.10s           2019-09-04T08:57:53
/Users/neeraj/Projects/Webapps/Document-Analyzer/sample-apps/python-venv/lib/python3.7/site-packages/airflow/example_dags/example_bash_operator.py                                      0.11s           2019-09-04T08:57:57
/Users/neeraj/Projects/Webapps/Document-Analyzer/sample-apps/python-venv/lib/python3.7/site-packages/airflow/example_dags/example_passing_params_via_test_command.py                    0.11s           2019-09-04T08:57:49
/Users/neeraj/Projects/Webapps/Document-Analyzer/sample-apps/python-venv/lib/python3.7/site-packages/airflow/example_dags/example_http_operator.py                                      0.11s           2019-09-04T08:57:43
/Users/neeraj/Projects/Webapps/Document-Analyzer/sample-apps/python-venv/lib/python3.7/site-packages/airflow/example_dags/example_branch_python_dop_operator_3.py                       0.11s           2019-09-04T08:57:41
/Users/neeraj/Projects/Webapps/Document-Analyzer/sample-apps/python-venv/lib/python3.7/site-packages/airflow/example_dags/example_docker_operator.py                                    0.11s           2019-09-04T08:57:59
/Users/neeraj/Projects/Webapps/Document-Analyzer/sample-apps/python-venv/lib/python3.7/site-packages/airflow/example_dags/subdags/subdag.py                                             0.11s           2019-09-04T08:57:39
================================================================================
[2019-09-04 14:28:29,714] {dag_processing.py:1004} INFO - 
================================================================================
DAG File Processing Stats

File Path                                                                                                                                                             PID    Runtime    Last Runtime    Last Run
--------------------------------------------------------------------------------------------------------------------------------------------------------------------  -----  ---------  --------------  -------------------
/Users/neeraj/Projects/Webapps/Document-Analyzer/sample-apps/python-venv/lib/python3.7/site-packages/airflow/example_dags/example_subdag_operator.py                                    0.10s           2019-09-04T08:58:25
/Users/neeraj/Projects/Webapps/Document-Analyzer/sample-apps/python-venv/lib/python3.7/site-packages/airflow/example_dags/example_xcom.py                                               0.10s           2019-09-04T08:58:09
/Users/neeraj/Projects/Webapps/Document-Analyzer/sample-apps/python-venv/lib/python3.7/site-packages/airflow/example_dags/example_short_circuit_operator.py                             0.10s           2019-09-04T08:58:11
/Users/neeraj/Projects/Webapps/Document-Analyzer/sample-apps/python-venv/lib/python3.7/site-packages/airflow/example_dags/subdags/subdag.py                                             0.10s           2019-09-04T08:58:19
/Users/neeraj/Projects/Webapps/Document-Analyzer/sample-apps/python-venv/lib/python3.7/site-packages/airflow/example_dags/example_trigger_controller_dag.py                             0.10s           2019-09-04T08:57:51
/Users/neeraj/Projects/Webapps/Document-Analyzer/sample-apps/python-venv/lib/python3.7/site-packages/airflow/example_dags/example_pig_operator.py                                       0.10s           2019-09-04T08:58:01
/Users/neeraj/Projects/Webapps/Document-Analyzer/sample-apps/python-venv/lib/python3.7/site-packages/airflow/example_dags/test_utils.py                                                 0.10s           2019-09-04T08:58:27
/Users/neeraj/Projects/Webapps/Document-Analyzer/sample-apps/python-venv/lib/python3.7/site-packages/airflow/example_dags/docker_copy_data.py                                           0.10s           2019-09-04T08:57:55
/Users/neeraj/Projects/Webapps/Document-Analyzer/sample-apps/python-venv/lib/python3.7/site-packages/airflow/example_dags/example_branch_python_dop_operator_3.py                       0.10s           2019-09-04T08:58:21
/Users/neeraj/Projects/Webapps/Document-Analyzer/sample-apps/python-venv/lib/python3.7/site-packages/airflow/example_dags/example_trigger_target_dag.py                                 0.10s           2019-09-04T08:57:53
/Users/neeraj/Projects/Webapps/Document-Analyzer/sample-apps/python-venv/lib/python3.7/site-packages/airflow/example_dags/example_skip_dag.py                                           0.10s           2019-09-04T08:58:13
/Users/neeraj/Projects/Webapps/Document-Analyzer/sample-apps/python-venv/lib/python3.7/site-packages/airflow/example_dags/example_passing_params_via_test_command.py                    0.10s           2019-09-04T08:58:29
/Users/neeraj/Projects/Webapps/Document-Analyzer/sample-apps/python-venv/lib/python3.7/site-packages/airflow/example_dags/example_branch_operator.py                                    0.10s           2019-09-04T08:58:17
/Users/neeraj/Projects/Webapps/Document-Analyzer/sample-apps/python-venv/lib/python3.7/site-packages/airflow/example_dags/example_latest_only_with_trigger.py                           0.11s           2019-09-04T08:58:07
/Users/neeraj/Projects/Webapps/Document-Analyzer/sample-apps/python-venv/lib/python3.7/site-packages/airflow/example_dags/example_bash_operator.py                                      0.11s           2019-09-04T08:57:57
/Users/neeraj/Projects/Webapps/Document-Analyzer/sample-apps/python-venv/lib/python3.7/site-packages/airflow/example_dags/example_docker_operator.py                                    0.11s           2019-09-04T08:57:59
/Users/neeraj/Projects/Webapps/Document-Analyzer/sample-apps/python-venv/lib/python3.7/site-packages/airflow/example_dags/example_python_operator.py                                    0.11s           2019-09-04T08:58:03
/Users/neeraj/Projects/Webapps/Document-Analyzer/sample-apps/python-venv/lib/python3.7/site-packages/airflow/example_dags/example_http_operator.py                                      0.11s           2019-09-04T08:58:23
/Users/neeraj/Projects/Webapps/Document-Analyzer/sample-apps/python-venv/lib/python3.7/site-packages/airflow/example_dags/example_latest_only.py                                        0.11s           2019-09-04T08:58:05
/Users/neeraj/Projects/Webapps/Document-Analyzer/sample-apps/python-venv/lib/python3.7/site-packages/airflow/example_dags/tutorial.py                                                   0.21s           2019-09-04T08:58:15
================================================================================
[2019-09-04 14:28:59,792] {dag_processing.py:1004} INFO - 
================================================================================
DAG File Processing Stats

File Path                                                                                                                                                             PID    Runtime    Last Runtime    Last Run
--------------------------------------------------------------------------------------------------------------------------------------------------------------------  -----  ---------  --------------  -------------------
/Users/neeraj/Projects/Webapps/Document-Analyzer/sample-apps/python-venv/lib/python3.7/site-packages/airflow/example_dags/example_bash_operator.py                                      0.10s           2019-09-04T08:58:37
/Users/neeraj/Projects/Webapps/Document-Analyzer/sample-apps/python-venv/lib/python3.7/site-packages/airflow/example_dags/example_docker_operator.py                                    0.10s           2019-09-04T08:58:39
/Users/neeraj/Projects/Webapps/Document-Analyzer/sample-apps/python-venv/lib/python3.7/site-packages/airflow/example_dags/docker_copy_data.py                                           0.10s           2019-09-04T08:58:35
/Users/neeraj/Projects/Webapps/Document-Analyzer/sample-apps/python-venv/lib/python3.7/site-packages/airflow/example_dags/subdags/subdag.py                                             0.10s           2019-09-04T08:58:59
/Users/neeraj/Projects/Webapps/Document-Analyzer/sample-apps/python-venv/lib/python3.7/site-packages/airflow/example_dags/example_xcom.py                                               0.10s           2019-09-04T08:58:49
/Users/neeraj/Projects/Webapps/Document-Analyzer/sample-apps/python-venv/lib/python3.7/site-packages/airflow/example_dags/example_subdag_operator.py                                    0.10s           2019-09-04T08:58:25
/Users/neeraj/Projects/Webapps/Document-Analyzer/sample-apps/python-venv/lib/python3.7/site-packages/airflow/example_dags/example_latest_only.py                                        0.10s           2019-09-04T08:58:45
/Users/neeraj/Projects/Webapps/Document-Analyzer/sample-apps/python-venv/lib/python3.7/site-packages/airflow/example_dags/example_latest_only_with_trigger.py                           0.10s           2019-09-04T08:58:47
/Users/neeraj/Projects/Webapps/Document-Analyzer/sample-apps/python-venv/lib/python3.7/site-packages/airflow/example_dags/example_trigger_controller_dag.py                             0.10s           2019-09-04T08:58:31
/Users/neeraj/Projects/Webapps/Document-Analyzer/sample-apps/python-venv/lib/python3.7/site-packages/airflow/example_dags/example_short_circuit_operator.py                             0.10s           2019-09-04T08:58:51
/Users/neeraj/Projects/Webapps/Document-Analyzer/sample-apps/python-venv/lib/python3.7/site-packages/airflow/example_dags/test_utils.py                                                 0.10s           2019-09-04T08:58:27
/Users/neeraj/Projects/Webapps/Document-Analyzer/sample-apps/python-venv/lib/python3.7/site-packages/airflow/example_dags/example_branch_python_dop_operator_3.py                       0.10s           2019-09-04T08:58:21
/Users/neeraj/Projects/Webapps/Document-Analyzer/sample-apps/python-venv/lib/python3.7/site-packages/airflow/example_dags/example_trigger_target_dag.py                                 0.10s           2019-09-04T08:58:33
/Users/neeraj/Projects/Webapps/Document-Analyzer/sample-apps/python-venv/lib/python3.7/site-packages/airflow/example_dags/example_skip_dag.py                                           0.10s           2019-09-04T08:58:53
/Users/neeraj/Projects/Webapps/Document-Analyzer/sample-apps/python-venv/lib/python3.7/site-packages/airflow/example_dags/example_pig_operator.py                                       0.10s           2019-09-04T08:58:41
/Users/neeraj/Projects/Webapps/Document-Analyzer/sample-apps/python-venv/lib/python3.7/site-packages/airflow/example_dags/example_passing_params_via_test_command.py                    0.10s           2019-09-04T08:58:29
/Users/neeraj/Projects/Webapps/Document-Analyzer/sample-apps/python-venv/lib/python3.7/site-packages/airflow/example_dags/example_branch_operator.py                                    0.10s           2019-09-04T08:58:57
/Users/neeraj/Projects/Webapps/Document-Analyzer/sample-apps/python-venv/lib/python3.7/site-packages/airflow/example_dags/tutorial.py                                                   0.10s           2019-09-04T08:58:55
/Users/neeraj/Projects/Webapps/Document-Analyzer/sample-apps/python-venv/lib/python3.7/site-packages/airflow/example_dags/example_python_operator.py                                    0.11s           2019-09-04T08:58:43
/Users/neeraj/Projects/Webapps/Document-Analyzer/sample-apps/python-venv/lib/python3.7/site-packages/airflow/example_dags/example_http_operator.py                                      0.11s           2019-09-04T08:58:23
================================================================================
[2019-09-04 14:29:29,878] {dag_processing.py:1004} INFO - 
================================================================================
DAG File Processing Stats

File Path                                                                                                                                                             PID    Runtime    Last Runtime    Last Run
--------------------------------------------------------------------------------------------------------------------------------------------------------------------  -----  ---------  --------------  -------------------
/Users/neeraj/Projects/Webapps/Document-Analyzer/sample-apps/python-venv/lib/python3.7/site-packages/airflow/example_dags/subdags/subdag.py                                             0.10s           2019-09-04T08:58:59
/Users/neeraj/Projects/Webapps/Document-Analyzer/sample-apps/python-venv/lib/python3.7/site-packages/airflow/example_dags/example_http_operator.py                                      0.10s           2019-09-04T08:59:03
/Users/neeraj/Projects/Webapps/Document-Analyzer/sample-apps/python-venv/lib/python3.7/site-packages/airflow/example_dags/example_docker_operator.py                                    0.10s           2019-09-04T08:59:19
/Users/neeraj/Projects/Webapps/Document-Analyzer/sample-apps/python-venv/lib/python3.7/site-packages/airflow/example_dags/example_branch_python_dop_operator_3.py                       0.10s           2019-09-04T08:59:01
/Users/neeraj/Projects/Webapps/Document-Analyzer/sample-apps/python-venv/lib/python3.7/site-packages/airflow/example_dags/example_trigger_target_dag.py                                 0.10s           2019-09-04T08:59:13
/Users/neeraj/Projects/Webapps/Document-Analyzer/sample-apps/python-venv/lib/python3.7/site-packages/airflow/example_dags/example_short_circuit_operator.py                             0.10s           2019-09-04T08:58:51
/Users/neeraj/Projects/Webapps/Document-Analyzer/sample-apps/python-venv/lib/python3.7/site-packages/airflow/example_dags/docker_copy_data.py                                           0.10s           2019-09-04T08:59:15
/Users/neeraj/Projects/Webapps/Document-Analyzer/sample-apps/python-venv/lib/python3.7/site-packages/airflow/example_dags/test_utils.py                                                 0.10s           2019-09-04T08:59:07
/Users/neeraj/Projects/Webapps/Document-Analyzer/sample-apps/python-venv/lib/python3.7/site-packages/airflow/example_dags/example_passing_params_via_test_command.py                    0.10s           2019-09-04T08:59:09
/Users/neeraj/Projects/Webapps/Document-Analyzer/sample-apps/python-venv/lib/python3.7/site-packages/airflow/example_dags/example_skip_dag.py                                           0.10s           2019-09-04T08:58:53
/Users/neeraj/Projects/Webapps/Document-Analyzer/sample-apps/python-venv/lib/python3.7/site-packages/airflow/example_dags/example_branch_operator.py                                    0.10s           2019-09-04T08:58:57
/Users/neeraj/Projects/Webapps/Document-Analyzer/sample-apps/python-venv/lib/python3.7/site-packages/airflow/example_dags/tutorial.py                                                   0.10s           2019-09-04T08:58:55
/Users/neeraj/Projects/Webapps/Document-Analyzer/sample-apps/python-venv/lib/python3.7/site-packages/airflow/example_dags/example_python_operator.py                                    0.11s           2019-09-04T08:59:23
/Users/neeraj/Projects/Webapps/Document-Analyzer/sample-apps/python-venv/lib/python3.7/site-packages/airflow/example_dags/example_latest_only.py                                        0.11s           2019-09-04T08:59:25
/Users/neeraj/Projects/Webapps/Document-Analyzer/sample-apps/python-venv/lib/python3.7/site-packages/airflow/example_dags/example_bash_operator.py                                      0.11s           2019-09-04T08:59:17
/Users/neeraj/Projects/Webapps/Document-Analyzer/sample-apps/python-venv/lib/python3.7/site-packages/airflow/example_dags/example_trigger_controller_dag.py                             0.11s           2019-09-04T08:59:11
/Users/neeraj/Projects/Webapps/Document-Analyzer/sample-apps/python-venv/lib/python3.7/site-packages/airflow/example_dags/example_pig_operator.py                                       0.11s           2019-09-04T08:59:21
/Users/neeraj/Projects/Webapps/Document-Analyzer/sample-apps/python-venv/lib/python3.7/site-packages/airflow/example_dags/example_xcom.py                                               0.11s           2019-09-04T08:59:29
/Users/neeraj/Projects/Webapps/Document-Analyzer/sample-apps/python-venv/lib/python3.7/site-packages/airflow/example_dags/example_latest_only_with_trigger.py                           0.11s           2019-09-04T08:59:27
/Users/neeraj/Projects/Webapps/Document-Analyzer/sample-apps/python-venv/lib/python3.7/site-packages/airflow/example_dags/example_subdag_operator.py                                    0.11s           2019-09-04T08:59:05
================================================================================
[2019-09-04 14:29:59,969] {dag_processing.py:1004} INFO - 
================================================================================
DAG File Processing Stats

File Path                                                                                                                                                             PID    Runtime    Last Runtime    Last Run
--------------------------------------------------------------------------------------------------------------------------------------------------------------------  -----  ---------  --------------  -------------------
/Users/neeraj/Projects/Webapps/Document-Analyzer/sample-apps/python-venv/lib/python3.7/site-packages/airflow/example_dags/example_http_operator.py                                      0.10s           2019-09-04T08:59:43
/Users/neeraj/Projects/Webapps/Document-Analyzer/sample-apps/python-venv/lib/python3.7/site-packages/airflow/example_dags/example_bash_operator.py                                      0.10s           2019-09-04T08:59:57
/Users/neeraj/Projects/Webapps/Document-Analyzer/sample-apps/python-venv/lib/python3.7/site-packages/airflow/example_dags/example_branch_python_dop_operator_3.py                       0.10s           2019-09-04T08:59:41
/Users/neeraj/Projects/Webapps/Document-Analyzer/sample-apps/python-venv/lib/python3.7/site-packages/airflow/example_dags/example_trigger_target_dag.py                                 0.10s           2019-09-04T08:59:53
/Users/neeraj/Projects/Webapps/Document-Analyzer/sample-apps/python-venv/lib/python3.7/site-packages/airflow/example_dags/example_subdag_operator.py                                    0.10s           2019-09-04T08:59:45
/Users/neeraj/Projects/Webapps/Document-Analyzer/sample-apps/python-venv/lib/python3.7/site-packages/airflow/example_dags/example_passing_params_via_test_command.py                    0.10s           2019-09-04T08:59:49
/Users/neeraj/Projects/Webapps/Document-Analyzer/sample-apps/python-venv/lib/python3.7/site-packages/airflow/example_dags/docker_copy_data.py                                           0.10s           2019-09-04T08:59:55
/Users/neeraj/Projects/Webapps/Document-Analyzer/sample-apps/python-venv/lib/python3.7/site-packages/airflow/example_dags/subdags/subdag.py                                             0.10s           2019-09-04T08:59:39
/Users/neeraj/Projects/Webapps/Document-Analyzer/sample-apps/python-venv/lib/python3.7/site-packages/airflow/example_dags/example_branch_operator.py                                    0.10s           2019-09-04T08:59:37
/Users/neeraj/Projects/Webapps/Document-Analyzer/sample-apps/python-venv/lib/python3.7/site-packages/airflow/example_dags/example_skip_dag.py                                           0.10s           2019-09-04T08:59:33
/Users/neeraj/Projects/Webapps/Document-Analyzer/sample-apps/python-venv/lib/python3.7/site-packages/airflow/example_dags/test_utils.py                                                 0.10s           2019-09-04T08:59:47
/Users/neeraj/Projects/Webapps/Document-Analyzer/sample-apps/python-venv/lib/python3.7/site-packages/airflow/example_dags/example_docker_operator.py                                    0.11s           2019-09-04T08:59:59
/Users/neeraj/Projects/Webapps/Document-Analyzer/sample-apps/python-venv/lib/python3.7/site-packages/airflow/example_dags/example_short_circuit_operator.py                             0.11s           2019-09-04T08:59:31
/Users/neeraj/Projects/Webapps/Document-Analyzer/sample-apps/python-venv/lib/python3.7/site-packages/airflow/example_dags/example_python_operator.py                                    0.11s           2019-09-04T08:59:23
/Users/neeraj/Projects/Webapps/Document-Analyzer/sample-apps/python-venv/lib/python3.7/site-packages/airflow/example_dags/example_latest_only.py                                        0.11s           2019-09-04T08:59:25
/Users/neeraj/Projects/Webapps/Document-Analyzer/sample-apps/python-venv/lib/python3.7/site-packages/airflow/example_dags/example_pig_operator.py                                       0.11s           2019-09-04T08:59:21
/Users/neeraj/Projects/Webapps/Document-Analyzer/sample-apps/python-venv/lib/python3.7/site-packages/airflow/example_dags/example_trigger_controller_dag.py                             0.11s           2019-09-04T08:59:51
/Users/neeraj/Projects/Webapps/Document-Analyzer/sample-apps/python-venv/lib/python3.7/site-packages/airflow/example_dags/example_xcom.py                                               0.11s           2019-09-04T08:59:29
/Users/neeraj/Projects/Webapps/Document-Analyzer/sample-apps/python-venv/lib/python3.7/site-packages/airflow/example_dags/tutorial.py                                                   0.11s           2019-09-04T08:59:35
/Users/neeraj/Projects/Webapps/Document-Analyzer/sample-apps/python-venv/lib/python3.7/site-packages/airflow/example_dags/example_latest_only_with_trigger.py                           0.11s           2019-09-04T08:59:27
================================================================================
[2019-09-04 14:30:30,066] {dag_processing.py:1004} INFO - 
================================================================================
DAG File Processing Stats

File Path                                                                                                                                                             PID    Runtime    Last Runtime    Last Run
--------------------------------------------------------------------------------------------------------------------------------------------------------------------  -----  ---------  --------------  -------------------
/Users/neeraj/Projects/Webapps/Document-Analyzer/sample-apps/python-venv/lib/python3.7/site-packages/airflow/example_dags/example_branch_python_dop_operator_3.py                       0.10s           2019-09-04T09:00:22
/Users/neeraj/Projects/Webapps/Document-Analyzer/sample-apps/python-venv/lib/python3.7/site-packages/airflow/example_dags/example_bash_operator.py                                      0.10s           2019-09-04T08:59:57
/Users/neeraj/Projects/Webapps/Document-Analyzer/sample-apps/python-venv/lib/python3.7/site-packages/airflow/example_dags/example_branch_operator.py                                    0.10s           2019-09-04T09:00:18
/Users/neeraj/Projects/Webapps/Document-Analyzer/sample-apps/python-venv/lib/python3.7/site-packages/airflow/example_dags/subdags/subdag.py                                             0.10s           2019-09-04T09:00:20
/Users/neeraj/Projects/Webapps/Document-Analyzer/sample-apps/python-venv/lib/python3.7/site-packages/airflow/example_dags/example_python_operator.py                                    0.10s           2019-09-04T09:00:03
/Users/neeraj/Projects/Webapps/Document-Analyzer/sample-apps/python-venv/lib/python3.7/site-packages/airflow/example_dags/example_trigger_target_dag.py                                 0.10s           2019-09-04T08:59:53
/Users/neeraj/Projects/Webapps/Document-Analyzer/sample-apps/python-venv/lib/python3.7/site-packages/airflow/example_dags/example_passing_params_via_test_command.py                    0.10s           2019-09-04T09:00:30
/Users/neeraj/Projects/Webapps/Document-Analyzer/sample-apps/python-venv/lib/python3.7/site-packages/airflow/example_dags/example_subdag_operator.py                                    0.10s           2019-09-04T09:00:26
/Users/neeraj/Projects/Webapps/Document-Analyzer/sample-apps/python-venv/lib/python3.7/site-packages/airflow/example_dags/example_xcom.py                                               0.10s           2019-09-04T09:00:09
/Users/neeraj/Projects/Webapps/Document-Analyzer/sample-apps/python-venv/lib/python3.7/site-packages/airflow/example_dags/test_utils.py                                                 0.10s           2019-09-04T09:00:28
/Users/neeraj/Projects/Webapps/Document-Analyzer/sample-apps/python-venv/lib/python3.7/site-packages/airflow/example_dags/docker_copy_data.py                                           0.10s           2019-09-04T08:59:55
/Users/neeraj/Projects/Webapps/Document-Analyzer/sample-apps/python-venv/lib/python3.7/site-packages/airflow/example_dags/example_latest_only.py                                        0.11s           2019-09-04T09:00:05
/Users/neeraj/Projects/Webapps/Document-Analyzer/sample-apps/python-venv/lib/python3.7/site-packages/airflow/example_dags/example_docker_operator.py                                    0.11s           2019-09-04T08:59:59
/Users/neeraj/Projects/Webapps/Document-Analyzer/sample-apps/python-venv/lib/python3.7/site-packages/airflow/example_dags/tutorial.py                                                   0.11s           2019-09-04T09:00:16
/Users/neeraj/Projects/Webapps/Document-Analyzer/sample-apps/python-venv/lib/python3.7/site-packages/airflow/example_dags/example_pig_operator.py                                       0.11s           2019-09-04T09:00:01
/Users/neeraj/Projects/Webapps/Document-Analyzer/sample-apps/python-venv/lib/python3.7/site-packages/airflow/example_dags/example_skip_dag.py                                           0.11s           2019-09-04T09:00:14
/Users/neeraj/Projects/Webapps/Document-Analyzer/sample-apps/python-venv/lib/python3.7/site-packages/airflow/example_dags/example_trigger_controller_dag.py                             0.11s           2019-09-04T08:59:51
/Users/neeraj/Projects/Webapps/Document-Analyzer/sample-apps/python-venv/lib/python3.7/site-packages/airflow/example_dags/example_short_circuit_operator.py                             0.11s           2019-09-04T09:00:12
/Users/neeraj/Projects/Webapps/Document-Analyzer/sample-apps/python-venv/lib/python3.7/site-packages/airflow/example_dags/example_http_operator.py                                      0.11s           2019-09-04T09:00:24
/Users/neeraj/Projects/Webapps/Document-Analyzer/sample-apps/python-venv/lib/python3.7/site-packages/airflow/example_dags/example_latest_only_with_trigger.py                           1.12s           2019-09-04T09:00:09
================================================================================
[2019-09-04 14:30:50,923] {dag_processing.py:790} INFO - Exiting gracefully upon receiving signal 15
