[2019-09-04 09:29:06,200] {scheduler_job.py:146} INFO - Started process (PID=1466) to work on /Users/neeraj/Projects/Webapps/document-analyzer/sample-apps/python-airflow-etl/AirflowDataPipeline/dags/example.py
[2019-09-04 09:29:06,209] {scheduler_job.py:1493} INFO - Processing file /Users/neeraj/Projects/Webapps/document-analyzer/sample-apps/python-airflow-etl/AirflowDataPipeline/dags/example.py for tasks to queue
[2019-09-04 09:29:06,209] {logging_mixin.py:95} INFO - [2019-09-04 09:29:06,209] {dagbag.py:90} INFO - Filling up the DagBag from /Users/neeraj/Projects/Webapps/document-analyzer/sample-apps/python-airflow-etl/AirflowDataPipeline/dags/example.py
[2019-09-04 09:29:06,216] {scheduler_job.py:1505} INFO - DAG(s) dict_keys(['FirstDag']) retrieved from /Users/neeraj/Projects/Webapps/document-analyzer/sample-apps/python-airflow-etl/AirflowDataPipeline/dags/example.py
[2019-09-04 09:29:06,245] {scheduler_job.py:152} INFO - Processing /Users/neeraj/Projects/Webapps/document-analyzer/sample-apps/python-airflow-etl/AirflowDataPipeline/dags/example.py took 0.045 seconds
[2019-09-04 09:30:09,293] {scheduler_job.py:146} INFO - Started process (PID=1579) to work on /Users/neeraj/Projects/Webapps/document-analyzer/sample-apps/python-airflow-etl/AirflowDataPipeline/dags/example.py
[2019-09-04 09:30:09,301] {scheduler_job.py:1493} INFO - Processing file /Users/neeraj/Projects/Webapps/document-analyzer/sample-apps/python-airflow-etl/AirflowDataPipeline/dags/example.py for tasks to queue
[2019-09-04 09:30:09,302] {logging_mixin.py:95} INFO - [2019-09-04 09:30:09,302] {dagbag.py:90} INFO - Filling up the DagBag from /Users/neeraj/Projects/Webapps/document-analyzer/sample-apps/python-airflow-etl/AirflowDataPipeline/dags/example.py
[2019-09-04 09:30:09,309] {scheduler_job.py:1505} INFO - DAG(s) dict_keys(['FirstDag']) retrieved from /Users/neeraj/Projects/Webapps/document-analyzer/sample-apps/python-airflow-etl/AirflowDataPipeline/dags/example.py
[2019-09-04 09:30:09,342] {scheduler_job.py:152} INFO - Processing /Users/neeraj/Projects/Webapps/document-analyzer/sample-apps/python-airflow-etl/AirflowDataPipeline/dags/example.py took 0.050 seconds
[2019-09-04 09:31:18,441] {scheduler_job.py:146} INFO - Started process (PID=1632) to work on /Users/neeraj/Projects/Webapps/document-analyzer/sample-apps/python-airflow-etl/AirflowDataPipeline/dags/example.py
[2019-09-04 09:31:18,451] {scheduler_job.py:1493} INFO - Processing file /Users/neeraj/Projects/Webapps/document-analyzer/sample-apps/python-airflow-etl/AirflowDataPipeline/dags/example.py for tasks to queue
[2019-09-04 09:31:18,452] {logging_mixin.py:95} INFO - [2019-09-04 09:31:18,452] {dagbag.py:90} INFO - Filling up the DagBag from /Users/neeraj/Projects/Webapps/document-analyzer/sample-apps/python-airflow-etl/AirflowDataPipeline/dags/example.py
[2019-09-04 09:31:18,462] {scheduler_job.py:1505} INFO - DAG(s) dict_keys(['FirstDag']) retrieved from /Users/neeraj/Projects/Webapps/document-analyzer/sample-apps/python-airflow-etl/AirflowDataPipeline/dags/example.py
[2019-09-04 09:31:18,489] {scheduler_job.py:152} INFO - Processing /Users/neeraj/Projects/Webapps/document-analyzer/sample-apps/python-airflow-etl/AirflowDataPipeline/dags/example.py took 0.048 seconds
[2019-09-04 09:32:28,192] {scheduler_job.py:146} INFO - Started process (PID=1696) to work on /Users/neeraj/Projects/Webapps/document-analyzer/sample-apps/python-airflow-etl/AirflowDataPipeline/dags/example.py
[2019-09-04 09:32:28,200] {scheduler_job.py:1493} INFO - Processing file /Users/neeraj/Projects/Webapps/document-analyzer/sample-apps/python-airflow-etl/AirflowDataPipeline/dags/example.py for tasks to queue
[2019-09-04 09:32:28,201] {logging_mixin.py:95} INFO - [2019-09-04 09:32:28,201] {dagbag.py:90} INFO - Filling up the DagBag from /Users/neeraj/Projects/Webapps/document-analyzer/sample-apps/python-airflow-etl/AirflowDataPipeline/dags/example.py
[2019-09-04 09:32:28,208] {scheduler_job.py:1505} INFO - DAG(s) dict_keys(['FirstDag']) retrieved from /Users/neeraj/Projects/Webapps/document-analyzer/sample-apps/python-airflow-etl/AirflowDataPipeline/dags/example.py
[2019-09-04 09:32:28,239] {scheduler_job.py:152} INFO - Processing /Users/neeraj/Projects/Webapps/document-analyzer/sample-apps/python-airflow-etl/AirflowDataPipeline/dags/example.py took 0.047 seconds
[2019-09-04 09:33:43,992] {scheduler_job.py:146} INFO - Started process (PID=1807) to work on /Users/neeraj/Projects/Webapps/document-analyzer/sample-apps/python-airflow-etl/AirflowDataPipeline/dags/example.py
[2019-09-04 09:33:43,999] {scheduler_job.py:1493} INFO - Processing file /Users/neeraj/Projects/Webapps/document-analyzer/sample-apps/python-airflow-etl/AirflowDataPipeline/dags/example.py for tasks to queue
[2019-09-04 09:33:44,000] {logging_mixin.py:95} INFO - [2019-09-04 09:33:44,000] {dagbag.py:90} INFO - Filling up the DagBag from /Users/neeraj/Projects/Webapps/document-analyzer/sample-apps/python-airflow-etl/AirflowDataPipeline/dags/example.py
[2019-09-04 09:33:44,006] {scheduler_job.py:1505} INFO - DAG(s) dict_keys(['FirstDag']) retrieved from /Users/neeraj/Projects/Webapps/document-analyzer/sample-apps/python-airflow-etl/AirflowDataPipeline/dags/example.py
[2019-09-04 09:33:44,041] {scheduler_job.py:152} INFO - Processing /Users/neeraj/Projects/Webapps/document-analyzer/sample-apps/python-airflow-etl/AirflowDataPipeline/dags/example.py took 0.050 seconds
[2019-09-04 09:34:47,432] {scheduler_job.py:146} INFO - Started process (PID=2065) to work on /Users/neeraj/Projects/Webapps/document-analyzer/sample-apps/python-airflow-etl/AirflowDataPipeline/dags/example.py
[2019-09-04 09:34:47,448] {scheduler_job.py:1493} INFO - Processing file /Users/neeraj/Projects/Webapps/document-analyzer/sample-apps/python-airflow-etl/AirflowDataPipeline/dags/example.py for tasks to queue
[2019-09-04 09:34:47,451] {logging_mixin.py:95} INFO - [2019-09-04 09:34:47,449] {dagbag.py:90} INFO - Filling up the DagBag from /Users/neeraj/Projects/Webapps/document-analyzer/sample-apps/python-airflow-etl/AirflowDataPipeline/dags/example.py
[2019-09-04 09:34:47,463] {scheduler_job.py:1505} INFO - DAG(s) dict_keys(['FirstDag']) retrieved from /Users/neeraj/Projects/Webapps/document-analyzer/sample-apps/python-airflow-etl/AirflowDataPipeline/dags/example.py
[2019-09-04 09:34:47,519] {scheduler_job.py:152} INFO - Processing /Users/neeraj/Projects/Webapps/document-analyzer/sample-apps/python-airflow-etl/AirflowDataPipeline/dags/example.py took 0.087 seconds
[2019-09-04 09:35:50,158] {scheduler_job.py:146} INFO - Started process (PID=2122) to work on /Users/neeraj/Projects/Webapps/document-analyzer/sample-apps/python-airflow-etl/AirflowDataPipeline/dags/example.py
[2019-09-04 09:35:50,166] {scheduler_job.py:1493} INFO - Processing file /Users/neeraj/Projects/Webapps/document-analyzer/sample-apps/python-airflow-etl/AirflowDataPipeline/dags/example.py for tasks to queue
[2019-09-04 09:35:50,167] {logging_mixin.py:95} INFO - [2019-09-04 09:35:50,166] {dagbag.py:90} INFO - Filling up the DagBag from /Users/neeraj/Projects/Webapps/document-analyzer/sample-apps/python-airflow-etl/AirflowDataPipeline/dags/example.py
[2019-09-04 09:35:50,172] {scheduler_job.py:1505} INFO - DAG(s) dict_keys(['FirstDag']) retrieved from /Users/neeraj/Projects/Webapps/document-analyzer/sample-apps/python-airflow-etl/AirflowDataPipeline/dags/example.py
[2019-09-04 09:35:50,201] {scheduler_job.py:152} INFO - Processing /Users/neeraj/Projects/Webapps/document-analyzer/sample-apps/python-airflow-etl/AirflowDataPipeline/dags/example.py took 0.043 seconds
[2019-09-04 09:36:52,672] {scheduler_job.py:146} INFO - Started process (PID=2228) to work on /Users/neeraj/Projects/Webapps/document-analyzer/sample-apps/python-airflow-etl/AirflowDataPipeline/dags/example.py
[2019-09-04 09:36:52,679] {scheduler_job.py:1493} INFO - Processing file /Users/neeraj/Projects/Webapps/document-analyzer/sample-apps/python-airflow-etl/AirflowDataPipeline/dags/example.py for tasks to queue
[2019-09-04 09:36:52,680] {logging_mixin.py:95} INFO - [2019-09-04 09:36:52,680] {dagbag.py:90} INFO - Filling up the DagBag from /Users/neeraj/Projects/Webapps/document-analyzer/sample-apps/python-airflow-etl/AirflowDataPipeline/dags/example.py
[2019-09-04 09:36:52,686] {scheduler_job.py:1505} INFO - DAG(s) dict_keys(['FirstDag']) retrieved from /Users/neeraj/Projects/Webapps/document-analyzer/sample-apps/python-airflow-etl/AirflowDataPipeline/dags/example.py
[2019-09-04 09:36:52,722] {scheduler_job.py:152} INFO - Processing /Users/neeraj/Projects/Webapps/document-analyzer/sample-apps/python-airflow-etl/AirflowDataPipeline/dags/example.py took 0.050 seconds
[2019-09-04 09:37:55,761] {scheduler_job.py:146} INFO - Started process (PID=2266) to work on /Users/neeraj/Projects/Webapps/document-analyzer/sample-apps/python-airflow-etl/AirflowDataPipeline/dags/example.py
[2019-09-04 09:37:55,769] {scheduler_job.py:1493} INFO - Processing file /Users/neeraj/Projects/Webapps/document-analyzer/sample-apps/python-airflow-etl/AirflowDataPipeline/dags/example.py for tasks to queue
[2019-09-04 09:37:55,770] {logging_mixin.py:95} INFO - [2019-09-04 09:37:55,770] {dagbag.py:90} INFO - Filling up the DagBag from /Users/neeraj/Projects/Webapps/document-analyzer/sample-apps/python-airflow-etl/AirflowDataPipeline/dags/example.py
[2019-09-04 09:37:55,776] {scheduler_job.py:1505} INFO - DAG(s) dict_keys(['FirstDag']) retrieved from /Users/neeraj/Projects/Webapps/document-analyzer/sample-apps/python-airflow-etl/AirflowDataPipeline/dags/example.py
[2019-09-04 09:37:55,810] {scheduler_job.py:152} INFO - Processing /Users/neeraj/Projects/Webapps/document-analyzer/sample-apps/python-airflow-etl/AirflowDataPipeline/dags/example.py took 0.049 seconds
[2019-09-04 09:38:58,757] {scheduler_job.py:146} INFO - Started process (PID=2304) to work on /Users/neeraj/Projects/Webapps/document-analyzer/sample-apps/python-airflow-etl/AirflowDataPipeline/dags/example.py
[2019-09-04 09:38:58,767] {scheduler_job.py:1493} INFO - Processing file /Users/neeraj/Projects/Webapps/document-analyzer/sample-apps/python-airflow-etl/AirflowDataPipeline/dags/example.py for tasks to queue
[2019-09-04 09:38:58,768] {logging_mixin.py:95} INFO - [2019-09-04 09:38:58,768] {dagbag.py:90} INFO - Filling up the DagBag from /Users/neeraj/Projects/Webapps/document-analyzer/sample-apps/python-airflow-etl/AirflowDataPipeline/dags/example.py
[2019-09-04 09:38:58,775] {scheduler_job.py:1505} INFO - DAG(s) dict_keys(['FirstDag']) retrieved from /Users/neeraj/Projects/Webapps/document-analyzer/sample-apps/python-airflow-etl/AirflowDataPipeline/dags/example.py
[2019-09-04 09:38:58,806] {scheduler_job.py:152} INFO - Processing /Users/neeraj/Projects/Webapps/document-analyzer/sample-apps/python-airflow-etl/AirflowDataPipeline/dags/example.py took 0.049 seconds
[2019-09-04 09:40:01,791] {scheduler_job.py:146} INFO - Started process (PID=2344) to work on /Users/neeraj/Projects/Webapps/document-analyzer/sample-apps/python-airflow-etl/AirflowDataPipeline/dags/example.py
[2019-09-04 09:40:01,803] {scheduler_job.py:1493} INFO - Processing file /Users/neeraj/Projects/Webapps/document-analyzer/sample-apps/python-airflow-etl/AirflowDataPipeline/dags/example.py for tasks to queue
[2019-09-04 09:40:01,804] {logging_mixin.py:95} INFO - [2019-09-04 09:40:01,804] {dagbag.py:90} INFO - Filling up the DagBag from /Users/neeraj/Projects/Webapps/document-analyzer/sample-apps/python-airflow-etl/AirflowDataPipeline/dags/example.py
[2019-09-04 09:40:01,813] {scheduler_job.py:1505} INFO - DAG(s) dict_keys(['FirstDag']) retrieved from /Users/neeraj/Projects/Webapps/document-analyzer/sample-apps/python-airflow-etl/AirflowDataPipeline/dags/example.py
[2019-09-04 09:40:01,841] {scheduler_job.py:152} INFO - Processing /Users/neeraj/Projects/Webapps/document-analyzer/sample-apps/python-airflow-etl/AirflowDataPipeline/dags/example.py took 0.051 seconds
[2019-09-04 09:41:11,630] {scheduler_job.py:146} INFO - Started process (PID=2422) to work on /Users/neeraj/Projects/Webapps/document-analyzer/sample-apps/python-airflow-etl/AirflowDataPipeline/dags/example.py
[2019-09-04 09:41:11,641] {scheduler_job.py:1493} INFO - Processing file /Users/neeraj/Projects/Webapps/document-analyzer/sample-apps/python-airflow-etl/AirflowDataPipeline/dags/example.py for tasks to queue
[2019-09-04 09:41:11,725] {logging_mixin.py:95} INFO - [2019-09-04 09:41:11,724] {dagbag.py:90} INFO - Filling up the DagBag from /Users/neeraj/Projects/Webapps/document-analyzer/sample-apps/python-airflow-etl/AirflowDataPipeline/dags/example.py
[2019-09-04 09:41:11,737] {scheduler_job.py:1505} INFO - DAG(s) dict_keys(['FirstDag']) retrieved from /Users/neeraj/Projects/Webapps/document-analyzer/sample-apps/python-airflow-etl/AirflowDataPipeline/dags/example.py
[2019-09-04 09:41:11,805] {scheduler_job.py:152} INFO - Processing /Users/neeraj/Projects/Webapps/document-analyzer/sample-apps/python-airflow-etl/AirflowDataPipeline/dags/example.py took 0.175 seconds
[2019-09-04 09:42:14,695] {scheduler_job.py:146} INFO - Started process (PID=2518) to work on /Users/neeraj/Projects/Webapps/document-analyzer/sample-apps/python-airflow-etl/AirflowDataPipeline/dags/example.py
[2019-09-04 09:42:14,703] {scheduler_job.py:1493} INFO - Processing file /Users/neeraj/Projects/Webapps/document-analyzer/sample-apps/python-airflow-etl/AirflowDataPipeline/dags/example.py for tasks to queue
[2019-09-04 09:42:14,704] {logging_mixin.py:95} INFO - [2019-09-04 09:42:14,703] {dagbag.py:90} INFO - Filling up the DagBag from /Users/neeraj/Projects/Webapps/document-analyzer/sample-apps/python-airflow-etl/AirflowDataPipeline/dags/example.py
[2019-09-04 09:42:14,711] {scheduler_job.py:1505} INFO - DAG(s) dict_keys(['FirstDag']) retrieved from /Users/neeraj/Projects/Webapps/document-analyzer/sample-apps/python-airflow-etl/AirflowDataPipeline/dags/example.py
[2019-09-04 09:42:14,745] {scheduler_job.py:152} INFO - Processing /Users/neeraj/Projects/Webapps/document-analyzer/sample-apps/python-airflow-etl/AirflowDataPipeline/dags/example.py took 0.050 seconds
[2019-09-04 09:43:17,291] {scheduler_job.py:146} INFO - Started process (PID=2586) to work on /Users/neeraj/Projects/Webapps/document-analyzer/sample-apps/python-airflow-etl/AirflowDataPipeline/dags/example.py
[2019-09-04 09:43:17,299] {scheduler_job.py:1493} INFO - Processing file /Users/neeraj/Projects/Webapps/document-analyzer/sample-apps/python-airflow-etl/AirflowDataPipeline/dags/example.py for tasks to queue
[2019-09-04 09:43:17,300] {logging_mixin.py:95} INFO - [2019-09-04 09:43:17,300] {dagbag.py:90} INFO - Filling up the DagBag from /Users/neeraj/Projects/Webapps/document-analyzer/sample-apps/python-airflow-etl/AirflowDataPipeline/dags/example.py
[2019-09-04 09:43:17,307] {scheduler_job.py:1505} INFO - DAG(s) dict_keys(['FirstDag']) retrieved from /Users/neeraj/Projects/Webapps/document-analyzer/sample-apps/python-airflow-etl/AirflowDataPipeline/dags/example.py
[2019-09-04 09:43:17,338] {scheduler_job.py:152} INFO - Processing /Users/neeraj/Projects/Webapps/document-analyzer/sample-apps/python-airflow-etl/AirflowDataPipeline/dags/example.py took 0.047 seconds
[2019-09-04 09:44:19,726] {scheduler_job.py:146} INFO - Started process (PID=2648) to work on /Users/neeraj/Projects/Webapps/document-analyzer/sample-apps/python-airflow-etl/AirflowDataPipeline/dags/example.py
[2019-09-04 09:44:19,735] {scheduler_job.py:1493} INFO - Processing file /Users/neeraj/Projects/Webapps/document-analyzer/sample-apps/python-airflow-etl/AirflowDataPipeline/dags/example.py for tasks to queue
[2019-09-04 09:44:19,735] {logging_mixin.py:95} INFO - [2019-09-04 09:44:19,735] {dagbag.py:90} INFO - Filling up the DagBag from /Users/neeraj/Projects/Webapps/document-analyzer/sample-apps/python-airflow-etl/AirflowDataPipeline/dags/example.py
[2019-09-04 09:44:19,742] {scheduler_job.py:1505} INFO - DAG(s) dict_keys(['FirstDag']) retrieved from /Users/neeraj/Projects/Webapps/document-analyzer/sample-apps/python-airflow-etl/AirflowDataPipeline/dags/example.py
[2019-09-04 09:44:19,777] {scheduler_job.py:152} INFO - Processing /Users/neeraj/Projects/Webapps/document-analyzer/sample-apps/python-airflow-etl/AirflowDataPipeline/dags/example.py took 0.052 seconds
[2019-09-04 09:45:23,537] {scheduler_job.py:146} INFO - Started process (PID=2728) to work on /Users/neeraj/Projects/Webapps/document-analyzer/sample-apps/python-airflow-etl/AirflowDataPipeline/dags/example.py
[2019-09-04 09:45:23,545] {scheduler_job.py:1493} INFO - Processing file /Users/neeraj/Projects/Webapps/document-analyzer/sample-apps/python-airflow-etl/AirflowDataPipeline/dags/example.py for tasks to queue
[2019-09-04 09:45:23,546] {logging_mixin.py:95} INFO - [2019-09-04 09:45:23,546] {dagbag.py:90} INFO - Filling up the DagBag from /Users/neeraj/Projects/Webapps/document-analyzer/sample-apps/python-airflow-etl/AirflowDataPipeline/dags/example.py
[2019-09-04 09:45:23,552] {scheduler_job.py:1505} INFO - DAG(s) dict_keys(['FirstDag']) retrieved from /Users/neeraj/Projects/Webapps/document-analyzer/sample-apps/python-airflow-etl/AirflowDataPipeline/dags/example.py
[2019-09-04 09:45:23,584] {scheduler_job.py:152} INFO - Processing /Users/neeraj/Projects/Webapps/document-analyzer/sample-apps/python-airflow-etl/AirflowDataPipeline/dags/example.py took 0.048 seconds
[2019-09-04 09:46:26,524] {scheduler_job.py:146} INFO - Started process (PID=2835) to work on /Users/neeraj/Projects/Webapps/document-analyzer/sample-apps/python-airflow-etl/AirflowDataPipeline/dags/example.py
[2019-09-04 09:46:26,533] {scheduler_job.py:1493} INFO - Processing file /Users/neeraj/Projects/Webapps/document-analyzer/sample-apps/python-airflow-etl/AirflowDataPipeline/dags/example.py for tasks to queue
[2019-09-04 09:46:26,534] {logging_mixin.py:95} INFO - [2019-09-04 09:46:26,534] {dagbag.py:90} INFO - Filling up the DagBag from /Users/neeraj/Projects/Webapps/document-analyzer/sample-apps/python-airflow-etl/AirflowDataPipeline/dags/example.py
[2019-09-04 09:46:26,540] {scheduler_job.py:1505} INFO - DAG(s) dict_keys(['FirstDag']) retrieved from /Users/neeraj/Projects/Webapps/document-analyzer/sample-apps/python-airflow-etl/AirflowDataPipeline/dags/example.py
[2019-09-04 09:46:26,574] {scheduler_job.py:152} INFO - Processing /Users/neeraj/Projects/Webapps/document-analyzer/sample-apps/python-airflow-etl/AirflowDataPipeline/dags/example.py took 0.050 seconds
[2019-09-04 09:47:29,437] {scheduler_job.py:146} INFO - Started process (PID=2875) to work on /Users/neeraj/Projects/Webapps/document-analyzer/sample-apps/python-airflow-etl/AirflowDataPipeline/dags/example.py
[2019-09-04 09:47:29,446] {scheduler_job.py:1493} INFO - Processing file /Users/neeraj/Projects/Webapps/document-analyzer/sample-apps/python-airflow-etl/AirflowDataPipeline/dags/example.py for tasks to queue
[2019-09-04 09:47:29,447] {logging_mixin.py:95} INFO - [2019-09-04 09:47:29,447] {dagbag.py:90} INFO - Filling up the DagBag from /Users/neeraj/Projects/Webapps/document-analyzer/sample-apps/python-airflow-etl/AirflowDataPipeline/dags/example.py
[2019-09-04 09:47:29,453] {scheduler_job.py:1505} INFO - DAG(s) dict_keys(['FirstDag']) retrieved from /Users/neeraj/Projects/Webapps/document-analyzer/sample-apps/python-airflow-etl/AirflowDataPipeline/dags/example.py
[2019-09-04 09:47:29,490] {scheduler_job.py:152} INFO - Processing /Users/neeraj/Projects/Webapps/document-analyzer/sample-apps/python-airflow-etl/AirflowDataPipeline/dags/example.py took 0.053 seconds
[2019-09-04 09:48:31,877] {scheduler_job.py:146} INFO - Started process (PID=2912) to work on /Users/neeraj/Projects/Webapps/document-analyzer/sample-apps/python-airflow-etl/AirflowDataPipeline/dags/example.py
[2019-09-04 09:48:31,885] {scheduler_job.py:1493} INFO - Processing file /Users/neeraj/Projects/Webapps/document-analyzer/sample-apps/python-airflow-etl/AirflowDataPipeline/dags/example.py for tasks to queue
[2019-09-04 09:48:31,886] {logging_mixin.py:95} INFO - [2019-09-04 09:48:31,886] {dagbag.py:90} INFO - Filling up the DagBag from /Users/neeraj/Projects/Webapps/document-analyzer/sample-apps/python-airflow-etl/AirflowDataPipeline/dags/example.py
[2019-09-04 09:48:31,892] {scheduler_job.py:1505} INFO - DAG(s) dict_keys(['FirstDag']) retrieved from /Users/neeraj/Projects/Webapps/document-analyzer/sample-apps/python-airflow-etl/AirflowDataPipeline/dags/example.py
[2019-09-04 09:48:31,922] {scheduler_job.py:152} INFO - Processing /Users/neeraj/Projects/Webapps/document-analyzer/sample-apps/python-airflow-etl/AirflowDataPipeline/dags/example.py took 0.046 seconds
[2019-09-04 09:49:34,294] {scheduler_job.py:146} INFO - Started process (PID=2951) to work on /Users/neeraj/Projects/Webapps/document-analyzer/sample-apps/python-airflow-etl/AirflowDataPipeline/dags/example.py
[2019-09-04 09:49:34,302] {scheduler_job.py:1493} INFO - Processing file /Users/neeraj/Projects/Webapps/document-analyzer/sample-apps/python-airflow-etl/AirflowDataPipeline/dags/example.py for tasks to queue
[2019-09-04 09:49:34,302] {logging_mixin.py:95} INFO - [2019-09-04 09:49:34,302] {dagbag.py:90} INFO - Filling up the DagBag from /Users/neeraj/Projects/Webapps/document-analyzer/sample-apps/python-airflow-etl/AirflowDataPipeline/dags/example.py
[2019-09-04 09:49:34,308] {scheduler_job.py:1505} INFO - DAG(s) dict_keys(['FirstDag']) retrieved from /Users/neeraj/Projects/Webapps/document-analyzer/sample-apps/python-airflow-etl/AirflowDataPipeline/dags/example.py
[2019-09-04 09:49:34,341] {scheduler_job.py:152} INFO - Processing /Users/neeraj/Projects/Webapps/document-analyzer/sample-apps/python-airflow-etl/AirflowDataPipeline/dags/example.py took 0.047 seconds
[2019-09-04 09:50:36,779] {scheduler_job.py:146} INFO - Started process (PID=2988) to work on /Users/neeraj/Projects/Webapps/document-analyzer/sample-apps/python-airflow-etl/AirflowDataPipeline/dags/example.py
[2019-09-04 09:50:36,787] {scheduler_job.py:1493} INFO - Processing file /Users/neeraj/Projects/Webapps/document-analyzer/sample-apps/python-airflow-etl/AirflowDataPipeline/dags/example.py for tasks to queue
[2019-09-04 09:50:36,788] {logging_mixin.py:95} INFO - [2019-09-04 09:50:36,787] {dagbag.py:90} INFO - Filling up the DagBag from /Users/neeraj/Projects/Webapps/document-analyzer/sample-apps/python-airflow-etl/AirflowDataPipeline/dags/example.py
[2019-09-04 09:50:36,793] {scheduler_job.py:1505} INFO - DAG(s) dict_keys(['FirstDag']) retrieved from /Users/neeraj/Projects/Webapps/document-analyzer/sample-apps/python-airflow-etl/AirflowDataPipeline/dags/example.py
[2019-09-04 09:50:36,827] {scheduler_job.py:152} INFO - Processing /Users/neeraj/Projects/Webapps/document-analyzer/sample-apps/python-airflow-etl/AirflowDataPipeline/dags/example.py took 0.048 seconds
[2019-09-04 09:51:39,248] {scheduler_job.py:146} INFO - Started process (PID=3030) to work on /Users/neeraj/Projects/Webapps/document-analyzer/sample-apps/python-airflow-etl/AirflowDataPipeline/dags/example.py
[2019-09-04 09:51:39,255] {scheduler_job.py:1493} INFO - Processing file /Users/neeraj/Projects/Webapps/document-analyzer/sample-apps/python-airflow-etl/AirflowDataPipeline/dags/example.py for tasks to queue
[2019-09-04 09:51:39,256] {logging_mixin.py:95} INFO - [2019-09-04 09:51:39,256] {dagbag.py:90} INFO - Filling up the DagBag from /Users/neeraj/Projects/Webapps/document-analyzer/sample-apps/python-airflow-etl/AirflowDataPipeline/dags/example.py
[2019-09-04 09:51:39,262] {scheduler_job.py:1505} INFO - DAG(s) dict_keys(['FirstDag']) retrieved from /Users/neeraj/Projects/Webapps/document-analyzer/sample-apps/python-airflow-etl/AirflowDataPipeline/dags/example.py
[2019-09-04 09:51:39,298] {scheduler_job.py:152} INFO - Processing /Users/neeraj/Projects/Webapps/document-analyzer/sample-apps/python-airflow-etl/AirflowDataPipeline/dags/example.py took 0.050 seconds
[2019-09-04 09:52:41,779] {scheduler_job.py:146} INFO - Started process (PID=3071) to work on /Users/neeraj/Projects/Webapps/document-analyzer/sample-apps/python-airflow-etl/AirflowDataPipeline/dags/example.py
[2019-09-04 09:52:41,787] {scheduler_job.py:1493} INFO - Processing file /Users/neeraj/Projects/Webapps/document-analyzer/sample-apps/python-airflow-etl/AirflowDataPipeline/dags/example.py for tasks to queue
[2019-09-04 09:52:41,788] {logging_mixin.py:95} INFO - [2019-09-04 09:52:41,788] {dagbag.py:90} INFO - Filling up the DagBag from /Users/neeraj/Projects/Webapps/document-analyzer/sample-apps/python-airflow-etl/AirflowDataPipeline/dags/example.py
[2019-09-04 09:52:41,794] {scheduler_job.py:1505} INFO - DAG(s) dict_keys(['FirstDag']) retrieved from /Users/neeraj/Projects/Webapps/document-analyzer/sample-apps/python-airflow-etl/AirflowDataPipeline/dags/example.py
[2019-09-04 09:52:41,827] {scheduler_job.py:152} INFO - Processing /Users/neeraj/Projects/Webapps/document-analyzer/sample-apps/python-airflow-etl/AirflowDataPipeline/dags/example.py took 0.047 seconds
[2019-09-04 09:53:44,287] {scheduler_job.py:146} INFO - Started process (PID=3113) to work on /Users/neeraj/Projects/Webapps/document-analyzer/sample-apps/python-airflow-etl/AirflowDataPipeline/dags/example.py
[2019-09-04 09:53:44,295] {scheduler_job.py:1493} INFO - Processing file /Users/neeraj/Projects/Webapps/document-analyzer/sample-apps/python-airflow-etl/AirflowDataPipeline/dags/example.py for tasks to queue
[2019-09-04 09:53:44,296] {logging_mixin.py:95} INFO - [2019-09-04 09:53:44,296] {dagbag.py:90} INFO - Filling up the DagBag from /Users/neeraj/Projects/Webapps/document-analyzer/sample-apps/python-airflow-etl/AirflowDataPipeline/dags/example.py
[2019-09-04 09:53:44,303] {scheduler_job.py:1505} INFO - DAG(s) dict_keys(['FirstDag']) retrieved from /Users/neeraj/Projects/Webapps/document-analyzer/sample-apps/python-airflow-etl/AirflowDataPipeline/dags/example.py
[2019-09-04 09:53:44,336] {scheduler_job.py:152} INFO - Processing /Users/neeraj/Projects/Webapps/document-analyzer/sample-apps/python-airflow-etl/AirflowDataPipeline/dags/example.py took 0.048 seconds
[2019-09-04 09:54:46,836] {scheduler_job.py:146} INFO - Started process (PID=3151) to work on /Users/neeraj/Projects/Webapps/document-analyzer/sample-apps/python-airflow-etl/AirflowDataPipeline/dags/example.py
[2019-09-04 09:54:46,844] {scheduler_job.py:1493} INFO - Processing file /Users/neeraj/Projects/Webapps/document-analyzer/sample-apps/python-airflow-etl/AirflowDataPipeline/dags/example.py for tasks to queue
[2019-09-04 09:54:46,844] {logging_mixin.py:95} INFO - [2019-09-04 09:54:46,844] {dagbag.py:90} INFO - Filling up the DagBag from /Users/neeraj/Projects/Webapps/document-analyzer/sample-apps/python-airflow-etl/AirflowDataPipeline/dags/example.py
[2019-09-04 09:54:46,851] {scheduler_job.py:1505} INFO - DAG(s) dict_keys(['FirstDag']) retrieved from /Users/neeraj/Projects/Webapps/document-analyzer/sample-apps/python-airflow-etl/AirflowDataPipeline/dags/example.py
[2019-09-04 09:54:46,886] {scheduler_job.py:152} INFO - Processing /Users/neeraj/Projects/Webapps/document-analyzer/sample-apps/python-airflow-etl/AirflowDataPipeline/dags/example.py took 0.050 seconds
[2019-09-04 09:55:49,438] {scheduler_job.py:146} INFO - Started process (PID=3188) to work on /Users/neeraj/Projects/Webapps/document-analyzer/sample-apps/python-airflow-etl/AirflowDataPipeline/dags/example.py
[2019-09-04 09:55:49,446] {scheduler_job.py:1493} INFO - Processing file /Users/neeraj/Projects/Webapps/document-analyzer/sample-apps/python-airflow-etl/AirflowDataPipeline/dags/example.py for tasks to queue
[2019-09-04 09:55:49,447] {logging_mixin.py:95} INFO - [2019-09-04 09:55:49,447] {dagbag.py:90} INFO - Filling up the DagBag from /Users/neeraj/Projects/Webapps/document-analyzer/sample-apps/python-airflow-etl/AirflowDataPipeline/dags/example.py
[2019-09-04 09:55:49,453] {scheduler_job.py:1505} INFO - DAG(s) dict_keys(['FirstDag']) retrieved from /Users/neeraj/Projects/Webapps/document-analyzer/sample-apps/python-airflow-etl/AirflowDataPipeline/dags/example.py
[2019-09-04 09:55:49,490] {scheduler_job.py:152} INFO - Processing /Users/neeraj/Projects/Webapps/document-analyzer/sample-apps/python-airflow-etl/AirflowDataPipeline/dags/example.py took 0.053 seconds
[2019-09-04 09:56:51,994] {scheduler_job.py:146} INFO - Started process (PID=3225) to work on /Users/neeraj/Projects/Webapps/document-analyzer/sample-apps/python-airflow-etl/AirflowDataPipeline/dags/example.py
[2019-09-04 09:56:52,002] {scheduler_job.py:1493} INFO - Processing file /Users/neeraj/Projects/Webapps/document-analyzer/sample-apps/python-airflow-etl/AirflowDataPipeline/dags/example.py for tasks to queue
[2019-09-04 09:56:52,003] {logging_mixin.py:95} INFO - [2019-09-04 09:56:52,002] {dagbag.py:90} INFO - Filling up the DagBag from /Users/neeraj/Projects/Webapps/document-analyzer/sample-apps/python-airflow-etl/AirflowDataPipeline/dags/example.py
[2019-09-04 09:56:52,008] {scheduler_job.py:1505} INFO - DAG(s) dict_keys(['FirstDag']) retrieved from /Users/neeraj/Projects/Webapps/document-analyzer/sample-apps/python-airflow-etl/AirflowDataPipeline/dags/example.py
[2019-09-04 09:56:52,037] {scheduler_job.py:152} INFO - Processing /Users/neeraj/Projects/Webapps/document-analyzer/sample-apps/python-airflow-etl/AirflowDataPipeline/dags/example.py took 0.043 seconds
[2019-09-04 09:57:54,508] {scheduler_job.py:146} INFO - Started process (PID=3264) to work on /Users/neeraj/Projects/Webapps/document-analyzer/sample-apps/python-airflow-etl/AirflowDataPipeline/dags/example.py
[2019-09-04 09:57:54,516] {scheduler_job.py:1493} INFO - Processing file /Users/neeraj/Projects/Webapps/document-analyzer/sample-apps/python-airflow-etl/AirflowDataPipeline/dags/example.py for tasks to queue
[2019-09-04 09:57:54,517] {logging_mixin.py:95} INFO - [2019-09-04 09:57:54,516] {dagbag.py:90} INFO - Filling up the DagBag from /Users/neeraj/Projects/Webapps/document-analyzer/sample-apps/python-airflow-etl/AirflowDataPipeline/dags/example.py
[2019-09-04 09:57:54,522] {scheduler_job.py:1505} INFO - DAG(s) dict_keys(['FirstDag']) retrieved from /Users/neeraj/Projects/Webapps/document-analyzer/sample-apps/python-airflow-etl/AirflowDataPipeline/dags/example.py
[2019-09-04 09:57:54,551] {scheduler_job.py:152} INFO - Processing /Users/neeraj/Projects/Webapps/document-analyzer/sample-apps/python-airflow-etl/AirflowDataPipeline/dags/example.py took 0.043 seconds
[2019-09-04 10:01:29,004] {scheduler_job.py:146} INFO - Started process (PID=3314) to work on /Users/neeraj/Projects/Webapps/document-analyzer/sample-apps/python-airflow-etl/AirflowDataPipeline/dags/example.py
[2019-09-04 10:01:29,013] {scheduler_job.py:1493} INFO - Processing file /Users/neeraj/Projects/Webapps/document-analyzer/sample-apps/python-airflow-etl/AirflowDataPipeline/dags/example.py for tasks to queue
[2019-09-04 10:01:29,014] {logging_mixin.py:95} INFO - [2019-09-04 10:01:29,014] {dagbag.py:90} INFO - Filling up the DagBag from /Users/neeraj/Projects/Webapps/document-analyzer/sample-apps/python-airflow-etl/AirflowDataPipeline/dags/example.py
[2019-09-04 10:01:29,024] {scheduler_job.py:1505} INFO - DAG(s) dict_keys(['FirstDag']) retrieved from /Users/neeraj/Projects/Webapps/document-analyzer/sample-apps/python-airflow-etl/AirflowDataPipeline/dags/example.py
[2019-09-04 10:01:29,051] {scheduler_job.py:152} INFO - Processing /Users/neeraj/Projects/Webapps/document-analyzer/sample-apps/python-airflow-etl/AirflowDataPipeline/dags/example.py took 0.047 seconds
[2019-09-04 10:02:31,554] {scheduler_job.py:146} INFO - Started process (PID=3356) to work on /Users/neeraj/Projects/Webapps/document-analyzer/sample-apps/python-airflow-etl/AirflowDataPipeline/dags/example.py
[2019-09-04 10:02:31,587] {scheduler_job.py:1493} INFO - Processing file /Users/neeraj/Projects/Webapps/document-analyzer/sample-apps/python-airflow-etl/AirflowDataPipeline/dags/example.py for tasks to queue
[2019-09-04 10:02:31,588] {logging_mixin.py:95} INFO - [2019-09-04 10:02:31,588] {dagbag.py:90} INFO - Filling up the DagBag from /Users/neeraj/Projects/Webapps/document-analyzer/sample-apps/python-airflow-etl/AirflowDataPipeline/dags/example.py
[2019-09-04 10:02:31,602] {scheduler_job.py:1505} INFO - DAG(s) dict_keys(['FirstDag']) retrieved from /Users/neeraj/Projects/Webapps/document-analyzer/sample-apps/python-airflow-etl/AirflowDataPipeline/dags/example.py
[2019-09-04 10:02:31,625] {scheduler_job.py:152} INFO - Processing /Users/neeraj/Projects/Webapps/document-analyzer/sample-apps/python-airflow-etl/AirflowDataPipeline/dags/example.py took 0.071 seconds
[2019-09-04 10:03:34,036] {scheduler_job.py:146} INFO - Started process (PID=3398) to work on /Users/neeraj/Projects/Webapps/document-analyzer/sample-apps/python-airflow-etl/AirflowDataPipeline/dags/example.py
[2019-09-04 10:03:34,045] {scheduler_job.py:1493} INFO - Processing file /Users/neeraj/Projects/Webapps/document-analyzer/sample-apps/python-airflow-etl/AirflowDataPipeline/dags/example.py for tasks to queue
[2019-09-04 10:03:34,046] {logging_mixin.py:95} INFO - [2019-09-04 10:03:34,046] {dagbag.py:90} INFO - Filling up the DagBag from /Users/neeraj/Projects/Webapps/document-analyzer/sample-apps/python-airflow-etl/AirflowDataPipeline/dags/example.py
[2019-09-04 10:03:34,056] {scheduler_job.py:1505} INFO - DAG(s) dict_keys(['FirstDag']) retrieved from /Users/neeraj/Projects/Webapps/document-analyzer/sample-apps/python-airflow-etl/AirflowDataPipeline/dags/example.py
[2019-09-04 10:03:34,085] {scheduler_job.py:152} INFO - Processing /Users/neeraj/Projects/Webapps/document-analyzer/sample-apps/python-airflow-etl/AirflowDataPipeline/dags/example.py took 0.049 seconds
[2019-09-04 10:04:39,941] {scheduler_job.py:146} INFO - Started process (PID=3465) to work on /Users/neeraj/Projects/Webapps/document-analyzer/sample-apps/python-airflow-etl/AirflowDataPipeline/dags/example.py
[2019-09-04 10:04:39,952] {scheduler_job.py:1493} INFO - Processing file /Users/neeraj/Projects/Webapps/document-analyzer/sample-apps/python-airflow-etl/AirflowDataPipeline/dags/example.py for tasks to queue
[2019-09-04 10:04:39,953] {logging_mixin.py:95} INFO - [2019-09-04 10:04:39,953] {dagbag.py:90} INFO - Filling up the DagBag from /Users/neeraj/Projects/Webapps/document-analyzer/sample-apps/python-airflow-etl/AirflowDataPipeline/dags/example.py
[2019-09-04 10:04:39,965] {scheduler_job.py:1505} INFO - DAG(s) dict_keys(['FirstDag']) retrieved from /Users/neeraj/Projects/Webapps/document-analyzer/sample-apps/python-airflow-etl/AirflowDataPipeline/dags/example.py
[2019-09-04 10:04:39,999] {scheduler_job.py:152} INFO - Processing /Users/neeraj/Projects/Webapps/document-analyzer/sample-apps/python-airflow-etl/AirflowDataPipeline/dags/example.py took 0.058 seconds
[2019-09-04 10:05:43,173] {scheduler_job.py:146} INFO - Started process (PID=3507) to work on /Users/neeraj/Projects/Webapps/document-analyzer/sample-apps/python-airflow-etl/AirflowDataPipeline/dags/example.py
[2019-09-04 10:05:43,181] {scheduler_job.py:1493} INFO - Processing file /Users/neeraj/Projects/Webapps/document-analyzer/sample-apps/python-airflow-etl/AirflowDataPipeline/dags/example.py for tasks to queue
[2019-09-04 10:05:43,181] {logging_mixin.py:95} INFO - [2019-09-04 10:05:43,181] {dagbag.py:90} INFO - Filling up the DagBag from /Users/neeraj/Projects/Webapps/document-analyzer/sample-apps/python-airflow-etl/AirflowDataPipeline/dags/example.py
[2019-09-04 10:05:43,192] {scheduler_job.py:1505} INFO - DAG(s) dict_keys(['FirstDag']) retrieved from /Users/neeraj/Projects/Webapps/document-analyzer/sample-apps/python-airflow-etl/AirflowDataPipeline/dags/example.py
[2019-09-04 10:05:43,218] {scheduler_job.py:152} INFO - Processing /Users/neeraj/Projects/Webapps/document-analyzer/sample-apps/python-airflow-etl/AirflowDataPipeline/dags/example.py took 0.045 seconds
[2019-09-04 10:06:46,337] {scheduler_job.py:146} INFO - Started process (PID=3545) to work on /Users/neeraj/Projects/Webapps/document-analyzer/sample-apps/python-airflow-etl/AirflowDataPipeline/dags/example.py
[2019-09-04 10:06:46,344] {scheduler_job.py:1493} INFO - Processing file /Users/neeraj/Projects/Webapps/document-analyzer/sample-apps/python-airflow-etl/AirflowDataPipeline/dags/example.py for tasks to queue
[2019-09-04 10:06:46,345] {logging_mixin.py:95} INFO - [2019-09-04 10:06:46,345] {dagbag.py:90} INFO - Filling up the DagBag from /Users/neeraj/Projects/Webapps/document-analyzer/sample-apps/python-airflow-etl/AirflowDataPipeline/dags/example.py
[2019-09-04 10:06:46,356] {scheduler_job.py:1505} INFO - DAG(s) dict_keys(['FirstDag']) retrieved from /Users/neeraj/Projects/Webapps/document-analyzer/sample-apps/python-airflow-etl/AirflowDataPipeline/dags/example.py
[2019-09-04 10:06:46,385] {scheduler_job.py:152} INFO - Processing /Users/neeraj/Projects/Webapps/document-analyzer/sample-apps/python-airflow-etl/AirflowDataPipeline/dags/example.py took 0.048 seconds
[2019-09-04 10:07:49,452] {scheduler_job.py:146} INFO - Started process (PID=3586) to work on /Users/neeraj/Projects/Webapps/document-analyzer/sample-apps/python-airflow-etl/AirflowDataPipeline/dags/example.py
[2019-09-04 10:07:49,460] {scheduler_job.py:1493} INFO - Processing file /Users/neeraj/Projects/Webapps/document-analyzer/sample-apps/python-airflow-etl/AirflowDataPipeline/dags/example.py for tasks to queue
[2019-09-04 10:07:49,461] {logging_mixin.py:95} INFO - [2019-09-04 10:07:49,461] {dagbag.py:90} INFO - Filling up the DagBag from /Users/neeraj/Projects/Webapps/document-analyzer/sample-apps/python-airflow-etl/AirflowDataPipeline/dags/example.py
[2019-09-04 10:07:49,472] {scheduler_job.py:1505} INFO - DAG(s) dict_keys(['FirstDag']) retrieved from /Users/neeraj/Projects/Webapps/document-analyzer/sample-apps/python-airflow-etl/AirflowDataPipeline/dags/example.py
[2019-09-04 10:07:49,499] {scheduler_job.py:152} INFO - Processing /Users/neeraj/Projects/Webapps/document-analyzer/sample-apps/python-airflow-etl/AirflowDataPipeline/dags/example.py took 0.048 seconds
[2019-09-04 10:08:52,419] {scheduler_job.py:146} INFO - Started process (PID=3635) to work on /Users/neeraj/Projects/Webapps/document-analyzer/sample-apps/python-airflow-etl/AirflowDataPipeline/dags/example.py
[2019-09-04 10:08:52,426] {scheduler_job.py:1493} INFO - Processing file /Users/neeraj/Projects/Webapps/document-analyzer/sample-apps/python-airflow-etl/AirflowDataPipeline/dags/example.py for tasks to queue
[2019-09-04 10:08:52,427] {logging_mixin.py:95} INFO - [2019-09-04 10:08:52,427] {dagbag.py:90} INFO - Filling up the DagBag from /Users/neeraj/Projects/Webapps/document-analyzer/sample-apps/python-airflow-etl/AirflowDataPipeline/dags/example.py
[2019-09-04 10:08:52,438] {scheduler_job.py:1505} INFO - DAG(s) dict_keys(['FirstDag']) retrieved from /Users/neeraj/Projects/Webapps/document-analyzer/sample-apps/python-airflow-etl/AirflowDataPipeline/dags/example.py
[2019-09-04 10:08:52,469] {scheduler_job.py:152} INFO - Processing /Users/neeraj/Projects/Webapps/document-analyzer/sample-apps/python-airflow-etl/AirflowDataPipeline/dags/example.py took 0.051 seconds
[2019-09-04 10:09:55,286] {scheduler_job.py:146} INFO - Started process (PID=3677) to work on /Users/neeraj/Projects/Webapps/document-analyzer/sample-apps/python-airflow-etl/AirflowDataPipeline/dags/example.py
[2019-09-04 10:09:55,295] {scheduler_job.py:1493} INFO - Processing file /Users/neeraj/Projects/Webapps/document-analyzer/sample-apps/python-airflow-etl/AirflowDataPipeline/dags/example.py for tasks to queue
[2019-09-04 10:09:55,296] {logging_mixin.py:95} INFO - [2019-09-04 10:09:55,296] {dagbag.py:90} INFO - Filling up the DagBag from /Users/neeraj/Projects/Webapps/document-analyzer/sample-apps/python-airflow-etl/AirflowDataPipeline/dags/example.py
[2019-09-04 10:09:55,307] {scheduler_job.py:1505} INFO - DAG(s) dict_keys(['FirstDag']) retrieved from /Users/neeraj/Projects/Webapps/document-analyzer/sample-apps/python-airflow-etl/AirflowDataPipeline/dags/example.py
[2019-09-04 10:09:55,331] {scheduler_job.py:152} INFO - Processing /Users/neeraj/Projects/Webapps/document-analyzer/sample-apps/python-airflow-etl/AirflowDataPipeline/dags/example.py took 0.045 seconds
[2019-09-04 10:10:57,897] {scheduler_job.py:146} INFO - Started process (PID=3720) to work on /Users/neeraj/Projects/Webapps/document-analyzer/sample-apps/python-airflow-etl/AirflowDataPipeline/dags/example.py
[2019-09-04 10:10:57,904] {scheduler_job.py:1493} INFO - Processing file /Users/neeraj/Projects/Webapps/document-analyzer/sample-apps/python-airflow-etl/AirflowDataPipeline/dags/example.py for tasks to queue
[2019-09-04 10:10:57,905] {logging_mixin.py:95} INFO - [2019-09-04 10:10:57,905] {dagbag.py:90} INFO - Filling up the DagBag from /Users/neeraj/Projects/Webapps/document-analyzer/sample-apps/python-airflow-etl/AirflowDataPipeline/dags/example.py
[2019-09-04 10:10:57,915] {scheduler_job.py:1505} INFO - DAG(s) dict_keys(['FirstDag']) retrieved from /Users/neeraj/Projects/Webapps/document-analyzer/sample-apps/python-airflow-etl/AirflowDataPipeline/dags/example.py
[2019-09-04 10:10:57,941] {scheduler_job.py:152} INFO - Processing /Users/neeraj/Projects/Webapps/document-analyzer/sample-apps/python-airflow-etl/AirflowDataPipeline/dags/example.py took 0.045 seconds
